PLINK v1.90b7.1 64-bit (18 Oct 2023)
Options in effect:
  --bfile /home/yanyq/share_genetics/data/UKB_multi_cancer/genotype/BRCA_all
  --counts
  --freq
  --noweb
  --out tmp

Hostname: yyb-RS720A-E12-RS12
Working directory: /home/yanyq/share_genetics/pipeline
Start time: Tue Jul 30 13:44:56 2024

Note: --counts flag deprecated.  Use "--freq counts" or --freqx instead.
Note: --noweb has no effect since no web check is implemented yet.
Random number seed: 1722318296
773301 MB RAM detected; reserving 386650 MB for main workspace.
4414 variants loaded from .bim file.
17417 people (90 males, 17327 females) loaded from .fam.
Using 1 thread (no multithreaded calculations invoked).
Before main variant filters, 17417 founders and 0 nonfounders present.
Calculating allele frequencies... done.
Total genotyping rate is 0.975906.
--freq counts: Allele frequencies (founders only) written to tmp.frq.counts .

End time: Tue Jul 30 13:44:56 2024
