*********************************************************************
* LD Score Regression (LDSC)
* Version 1.0.1
* (C) 2014-2019 Brendan Bulik-Sullivan and Hilary Finucane
* Broad Institute of MIT and Harvard / MIT Department of Mathematics
* GNU General Public License v3
*********************************************************************
Call: 
./ldsc.py \
--ref-ld-chr /home/yanyq/share_genetics/data/reference/eur_w_ld_chr/ \
--out hhhhh \
--rg /home/yanyq/share_genetics/result/ldsc/munge/AML_filter.sumstats.gz,/home/yanyq/share_genetics/result/ldsc/munge/BRCA.sumstats.gz \
--w-ld-chr /home/yanyq/share_genetics/data/reference/eur_w_ld_chr/ 

Beginning analysis at Wed May 22 10:43:00 2024
Reading summary statistics from /home/yanyq/share_genetics/result/ldsc/munge/AML_filter.sumstats.gz ...
Read summary statistics for 1145697 SNPs.
Reading reference panel LD Score from /home/yanyq/share_genetics/data/reference/eur_w_ld_chr/[1-22] ... (ldscore_fromlist)
Read reference panel LD Scores for 1290028 SNPs.
Removing partitioned LD Scores with zero variance.
Reading regression weight LD Score from /home/yanyq/share_genetics/data/reference/eur_w_ld_chr/[1-22] ... (ldscore_fromlist)
Read regression weight LD Scores for 1290028 SNPs.
After merging with reference panel LD, 1142149 SNPs remain.
After merging with regression SNP LD, 1142149 SNPs remain.
Computing rg for phenotype 2/2
Reading summary statistics from /home/yanyq/share_genetics/result/ldsc/munge/BRCA.sumstats.gz ...
Read summary statistics for 1214822 SNPs.
After merging with summary statistics, 1142149 SNPs remain.
1138585 SNPs with valid alleles.

Heritability of phenotype 1
---------------------------
Total Observed scale h2: 0.0163 (0.0013)
Lambda GC: 0.9634
Mean Chi^2: 0.9384
Intercept: 0.8426 (0.0058)
Ratio: NA (mean chi^2 < 1)

Heritability of phenotype 2/2
-----------------------------
Total Observed scale h2: 0.1596 (0.0139)
Lambda GC: 1.3789
Mean Chi^2: 1.7218
Intercept: 1.1098 (0.0237)
Ratio: 0.1522 (0.0329)

Genetic Covariance
------------------
Total Observed scale gencov: 0.0029 (0.0018)
Mean z1*z2: 0.0089
Intercept: -0.0065 (0.0051)

Genetic Correlation
-------------------
Genetic Correlation: 0.0567 (0.0356)
Z-score: 1.5923
P: 0.1113


Summary of Genetic Correlation Results
p1                                                             p2      rg      se       z       p  h2_obs  h2_obs_se  h2_int  h2_int_se  gcov_int  gcov_int_se
/home/yanyq/share_genetics/result/ldsc/munge/AML_filter.sumstats.gz  /home/yanyq/share_genetics/result/ldsc/munge/BRCA.sumstats.gz  0.0567  0.0356  1.5923  0.1113  0.1596     0.0139  1.1098     0.0237   -0.0065       0.0051

Analysis finished at Wed May 22 10:43:11 2024
Total time elapsed: 10.98s
