*********************************************************************
* LD Score Regression (LDSC)
* Version 1.0.1
* (C) 2014-2019 Brendan Bulik-Sullivan and Hilary Finucane
* Broad Institute of MIT and Harvard / MIT Department of Mathematics
* GNU General Public License v3
*********************************************************************
Call: 
./ldsc.py \
--h2 /home/yanyq/share_genetics/result/ldsc/munge_sampleSize_effect_4/PAAD.sumstats.gz \
--ref-ld-chr /home/yanyq/share_genetics/data/reference/eur_w_ld_chr/ \
--out OV \
--w-ld-chr /home/yanyq/share_genetics/data/reference/eur_w_ld_chr/ 

Beginning analysis at Thu Nov 21 18:17:18 2024
Reading summary statistics from /home/yanyq/share_genetics/result/ldsc/munge_sampleSize_effect_4/PAAD.sumstats.gz ...
Read summary statistics for 7044973 SNPs.
Reading reference panel LD Score from /home/yanyq/share_genetics/data/reference/eur_w_ld_chr/[1-22] ... (ldscore_fromlist)
Read reference panel LD Scores for 1290028 SNPs.
Removing partitioned LD Scores with zero variance.
Reading regression weight LD Score from /home/yanyq/share_genetics/data/reference/eur_w_ld_chr/[1-22] ... (ldscore_fromlist)
Read regression weight LD Scores for 1290028 SNPs.
After merging with reference panel LD, 1161410 SNPs remain.
After merging with regression SNP LD, 1161410 SNPs remain.
Using two-step estimator with cutoff at 30.
Total Observed scale h2: 0.0907 (0.1029)
Lambda GC: 1.0195
Mean Chi^2: 1.0163
Intercept: 1.0078 (0.0069)
Ratio: 0.4761 (0.422)
Analysis finished at Thu Nov 21 18:17:32 2024
Total time elapsed: 14.73s
