nohup: ignoring input
bash: /home/yanyq/anaconda3/lib/libtinfo.so.6: no version information available (required by bash)
Welcome to MAGMA v1.10 (linux)
Using flags:
	--bfile /home/yanyq/share_genetics/data/MAGMA/g1000_eur/g1000_eur
	--pval /home/yanyq/share_genetics/result/PLACO/tmp_PLACO_HL-SKCM N=773663
	--gene-annot /home/yanyq/share_genetics/result/MAGMA/anno/VPS9D1-AS1_g1000_eur_10_1.5.genes.annot
	--out /home/yanyq/share_genetics/result/MAGMA_VPS9D1-AS1/asso/PLACO_HL-SKCM_10_1.5

Start time is 18:20:02, Friday 22 Nov 2024

Loading PLINK-format data...
Reading file /home/yanyq/share_genetics/data/MAGMA/g1000_eur/g1000_eur.fam... 503 individuals read
Reading file /home/yanyq/share_genetics/data/MAGMA/g1000_eur/g1000_eur.bim... 22665064 SNPs read
Preparing file /home/yanyq/share_genetics/data/MAGMA/g1000_eur/g1000_eur.bed... 

Reading SNP synonyms from file /home/yanyq/share_genetics/data/MAGMA/g1000_eur/g1000_eur.synonyms (auto-detected)
	read 6012528 mapped synonyms from file, mapping to 3918595 SNPs in the data
Reading SNP p-values from file /home/yanyq/share_genetics/result/PLACO/tmp_PLACO_HL-SKCM... 
	detected 2 variables in file
	using variable: variable 1 (SNP id)
	using variable: variable 2 (p-value)
	read 7153462 lines from file, containing valid SNP p-values for 7087883 SNPs in data (99.08% of lines, 31.27% of SNPs in data)
Loading gene annotation from file /home/yanyq/share_genetics/result/MAGMA/anno/VPS9D1-AS1_g1000_eur_10_1.5.genes.annot... 
	1 gene definitions read from file
	found 1 genes containing valid SNPs in genotype data


Starting gene analysis... 
	using model: SNPwise-mean
                                                                                                                   	writing gene analysis results to file /home/yanyq/share_genetics/result/MAGMA_VPS9D1-AS1/asso/PLACO_HL-SKCM_10_1.5.genes.out
	writing intermediate output to file /home/yanyq/share_genetics/result/MAGMA_VPS9D1-AS1/asso/PLACO_HL-SKCM_10_1.5.genes.raw


End time is 18:20:40, Friday 22 Nov 2024 (elapsed: 00:00:38)
Welcome to MAGMA v1.10 (linux)
Using flags:
	--bfile /home/yanyq/share_genetics/data/MAGMA/g1000_eur/g1000_eur
	--pval /home/yanyq/share_genetics/result/PLACO/tmp_PLACO_HL-STAD N=771892
	--gene-annot /home/yanyq/share_genetics/result/MAGMA/anno/VPS9D1-AS1_g1000_eur_10_1.5.genes.annot
	--out /home/yanyq/share_genetics/result/MAGMA_VPS9D1-AS1/asso/PLACO_HL-STAD_10_1.5

Start time is 18:20:42, Friday 22 Nov 2024

Loading PLINK-format data...
Reading file /home/yanyq/share_genetics/data/MAGMA/g1000_eur/g1000_eur.fam... 503 individuals read
Reading file /home/yanyq/share_genetics/data/MAGMA/g1000_eur/g1000_eur.bim... 22665064 SNPs read
Preparing file /home/yanyq/share_genetics/data/MAGMA/g1000_eur/g1000_eur.bed... 

Reading SNP synonyms from file /home/yanyq/share_genetics/data/MAGMA/g1000_eur/g1000_eur.synonyms (auto-detected)
	read 6012528 mapped synonyms from file, mapping to 3918595 SNPs in the data
Reading SNP p-values from file /home/yanyq/share_genetics/result/PLACO/tmp_PLACO_HL-STAD... 
	detected 2 variables in file
	using variable: variable 1 (SNP id)
	using variable: variable 2 (p-value)
	read 7153783 lines from file, containing valid SNP p-values for 7088197 SNPs in data (99.08% of lines, 31.27% of SNPs in data)
Loading gene annotation from file /home/yanyq/share_genetics/result/MAGMA/anno/VPS9D1-AS1_g1000_eur_10_1.5.genes.annot... 
	1 gene definitions read from file
	found 1 genes containing valid SNPs in genotype data


Starting gene analysis... 
	using model: SNPwise-mean
                                                                                                                   	writing gene analysis results to file /home/yanyq/share_genetics/result/MAGMA_VPS9D1-AS1/asso/PLACO_HL-STAD_10_1.5.genes.out
	writing intermediate output to file /home/yanyq/share_genetics/result/MAGMA_VPS9D1-AS1/asso/PLACO_HL-STAD_10_1.5.genes.raw


End time is 18:21:22, Friday 22 Nov 2024 (elapsed: 00:00:40)
Welcome to MAGMA v1.10 (linux)
Using flags:
	--bfile /home/yanyq/share_genetics/data/MAGMA/g1000_eur/g1000_eur
	--pval /home/yanyq/share_genetics/result/PLACO/tmp_PLACO_HL-TEST N=587968
	--gene-annot /home/yanyq/share_genetics/result/MAGMA/anno/VPS9D1-AS1_g1000_eur_10_1.5.genes.annot
	--out /home/yanyq/share_genetics/result/MAGMA_VPS9D1-AS1/asso/PLACO_HL-TEST_10_1.5

Start time is 18:21:25, Friday 22 Nov 2024

Loading PLINK-format data...
Reading file /home/yanyq/share_genetics/data/MAGMA/g1000_eur/g1000_eur.fam... 503 individuals read
Reading file /home/yanyq/share_genetics/data/MAGMA/g1000_eur/g1000_eur.bim... 22665064 SNPs read
Preparing file /home/yanyq/share_genetics/data/MAGMA/g1000_eur/g1000_eur.bed... 

Reading SNP synonyms from file /home/yanyq/share_genetics/data/MAGMA/g1000_eur/g1000_eur.synonyms (auto-detected)
	read 6012528 mapped synonyms from file, mapping to 3918595 SNPs in the data
Reading SNP p-values from file /home/yanyq/share_genetics/result/PLACO/tmp_PLACO_HL-TEST... 
	detected 2 variables in file
	using variable: variable 1 (SNP id)
	using variable: variable 2 (p-value)
	read 7155926 lines from file, containing valid SNP p-values for 7090330 SNPs in data (99.08% of lines, 31.28% of SNPs in data)
Loading gene annotation from file /home/yanyq/share_genetics/result/MAGMA/anno/VPS9D1-AS1_g1000_eur_10_1.5.genes.annot... 
	1 gene definitions read from file
	found 1 genes containing valid SNPs in genotype data


Starting gene analysis... 
	using model: SNPwise-mean
                                                                                                                   	writing gene analysis results to file /home/yanyq/share_genetics/result/MAGMA_VPS9D1-AS1/asso/PLACO_HL-TEST_10_1.5.genes.out
	writing intermediate output to file /home/yanyq/share_genetics/result/MAGMA_VPS9D1-AS1/asso/PLACO_HL-TEST_10_1.5.genes.raw


End time is 18:22:02, Friday 22 Nov 2024 (elapsed: 00:00:37)
Welcome to MAGMA v1.10 (linux)
Using flags:
	--bfile /home/yanyq/share_genetics/data/MAGMA/g1000_eur/g1000_eur
	--pval /home/yanyq/share_genetics/result/PLACO/tmp_PLACO_HL-THCA N=772376
	--gene-annot /home/yanyq/share_genetics/result/MAGMA/anno/VPS9D1-AS1_g1000_eur_10_1.5.genes.annot
	--out /home/yanyq/share_genetics/result/MAGMA_VPS9D1-AS1/asso/PLACO_HL-THCA_10_1.5

Start time is 18:22:07, Friday 22 Nov 2024

Loading PLINK-format data...
Reading file /home/yanyq/share_genetics/data/MAGMA/g1000_eur/g1000_eur.fam... 503 individuals read
Reading file /home/yanyq/share_genetics/data/MAGMA/g1000_eur/g1000_eur.bim... 22665064 SNPs read
Preparing file /home/yanyq/share_genetics/data/MAGMA/g1000_eur/g1000_eur.bed... 

Reading SNP synonyms from file /home/yanyq/share_genetics/data/MAGMA/g1000_eur/g1000_eur.synonyms (auto-detected)
	read 6012528 mapped synonyms from file, mapping to 3918595 SNPs in the data
Reading SNP p-values from file /home/yanyq/share_genetics/result/PLACO/tmp_PLACO_HL-THCA... 
	detected 2 variables in file
	using variable: variable 1 (SNP id)
	using variable: variable 2 (p-value)
	read 7153588 lines from file, containing valid SNP p-values for 7088005 SNPs in data (99.08% of lines, 31.27% of SNPs in data)
Loading gene annotation from file /home/yanyq/share_genetics/result/MAGMA/anno/VPS9D1-AS1_g1000_eur_10_1.5.genes.annot... 
	1 gene definitions read from file
	found 1 genes containing valid SNPs in genotype data


Starting gene analysis... 
	using model: SNPwise-mean
                                                                                                                   	writing gene analysis results to file /home/yanyq/share_genetics/result/MAGMA_VPS9D1-AS1/asso/PLACO_HL-THCA_10_1.5.genes.out
	writing intermediate output to file /home/yanyq/share_genetics/result/MAGMA_VPS9D1-AS1/asso/PLACO_HL-THCA_10_1.5.genes.raw


End time is 18:22:44, Friday 22 Nov 2024 (elapsed: 00:00:37)
Welcome to MAGMA v1.10 (linux)
Using flags:
	--bfile /home/yanyq/share_genetics/data/MAGMA/g1000_eur/g1000_eur
	--pval /home/yanyq/share_genetics/result/PLACO/tmp_PLACO_HL-UCEC N=578161
	--gene-annot /home/yanyq/share_genetics/result/MAGMA/anno/VPS9D1-AS1_g1000_eur_10_1.5.genes.annot
	--out /home/yanyq/share_genetics/result/MAGMA_VPS9D1-AS1/asso/PLACO_HL-UCEC_10_1.5

Start time is 18:22:50, Friday 22 Nov 2024

Loading PLINK-format data...
Reading file /home/yanyq/share_genetics/data/MAGMA/g1000_eur/g1000_eur.fam... 503 individuals read
Reading file /home/yanyq/share_genetics/data/MAGMA/g1000_eur/g1000_eur.bim... 22665064 SNPs read
Preparing file /home/yanyq/share_genetics/data/MAGMA/g1000_eur/g1000_eur.bed... 

Reading SNP synonyms from file /home/yanyq/share_genetics/data/MAGMA/g1000_eur/g1000_eur.synonyms (auto-detected)
	read 6012528 mapped synonyms from file, mapping to 3918595 SNPs in the data
Reading SNP p-values from file /home/yanyq/share_genetics/result/PLACO/tmp_PLACO_HL-UCEC... 
	detected 2 variables in file
	using variable: variable 1 (SNP id)
	using variable: variable 2 (p-value)
	read 7825037 lines from file, containing valid SNP p-values for 7781903 SNPs in data (99.45% of lines, 34.33% of SNPs in data)
Loading gene annotation from file /home/yanyq/share_genetics/result/MAGMA/anno/VPS9D1-AS1_g1000_eur_10_1.5.genes.annot... 
	1 gene definitions read from file
	found 1 genes containing valid SNPs in genotype data


Starting gene analysis... 
	using model: SNPwise-mean
                                                                                                                   	writing gene analysis results to file /home/yanyq/share_genetics/result/MAGMA_VPS9D1-AS1/asso/PLACO_HL-UCEC_10_1.5.genes.out
	writing intermediate output to file /home/yanyq/share_genetics/result/MAGMA_VPS9D1-AS1/asso/PLACO_HL-UCEC_10_1.5.genes.raw


End time is 18:23:26, Friday 22 Nov 2024 (elapsed: 00:00:36)
Welcome to MAGMA v1.10 (linux)
Using flags:
	--bfile /home/yanyq/share_genetics/data/MAGMA/g1000_eur/g1000_eur
	--pval /home/yanyq/share_genetics/result/PLACO/tmp_PLACO_HL-VULVA N=639405
	--gene-annot /home/yanyq/share_genetics/result/MAGMA/anno/VPS9D1-AS1_g1000_eur_10_1.5.genes.annot
	--out /home/yanyq/share_genetics/result/MAGMA_VPS9D1-AS1/asso/PLACO_HL-VULVA_10_1.5

Start time is 18:23:29, Friday 22 Nov 2024

Loading PLINK-format data...
Reading file /home/yanyq/share_genetics/data/MAGMA/g1000_eur/g1000_eur.fam... 503 individuals read
Reading file /home/yanyq/share_genetics/data/MAGMA/g1000_eur/g1000_eur.bim... 22665064 SNPs read
Preparing file /home/yanyq/share_genetics/data/MAGMA/g1000_eur/g1000_eur.bed... 

Reading SNP synonyms from file /home/yanyq/share_genetics/data/MAGMA/g1000_eur/g1000_eur.synonyms (auto-detected)
	read 6012528 mapped synonyms from file, mapping to 3918595 SNPs in the data
Reading SNP p-values from file /home/yanyq/share_genetics/result/PLACO/tmp_PLACO_HL-VULVA... 
	detected 2 variables in file
	using variable: variable 1 (SNP id)
	using variable: variable 2 (p-value)
	read 7152022 lines from file, containing valid SNP p-values for 7086455 SNPs in data (99.08% of lines, 31.27% of SNPs in data)
Loading gene annotation from file /home/yanyq/share_genetics/result/MAGMA/anno/VPS9D1-AS1_g1000_eur_10_1.5.genes.annot... 
	1 gene definitions read from file
	found 1 genes containing valid SNPs in genotype data


Starting gene analysis... 
	using model: SNPwise-mean
                                                                                                                   	writing gene analysis results to file /home/yanyq/share_genetics/result/MAGMA_VPS9D1-AS1/asso/PLACO_HL-VULVA_10_1.5.genes.out
	writing intermediate output to file /home/yanyq/share_genetics/result/MAGMA_VPS9D1-AS1/asso/PLACO_HL-VULVA_10_1.5.genes.raw


End time is 18:24:03, Friday 22 Nov 2024 (elapsed: 00:00:34)
Welcome to MAGMA v1.10 (linux)
Using flags:
	--bfile /home/yanyq/share_genetics/data/MAGMA/g1000_eur/g1000_eur
	--pval /home/yanyq/share_genetics/result/PLACO/tmp_PLACO_LIHC-BGC N=630093
	--gene-annot /home/yanyq/share_genetics/result/MAGMA/anno/VPS9D1-AS1_g1000_eur_10_1.5.genes.annot
	--out /home/yanyq/share_genetics/result/MAGMA_VPS9D1-AS1/asso/PLACO_LIHC-BGC_10_1.5

Start time is 18:24:12, Friday 22 Nov 2024

Loading PLINK-format data...
Reading file /home/yanyq/share_genetics/data/MAGMA/g1000_eur/g1000_eur.fam... 503 individuals read
Reading file /home/yanyq/share_genetics/data/MAGMA/g1000_eur/g1000_eur.bim... 22665064 SNPs read
Preparing file /home/yanyq/share_genetics/data/MAGMA/g1000_eur/g1000_eur.bed... 

Reading SNP synonyms from file /home/yanyq/share_genetics/data/MAGMA/g1000_eur/g1000_eur.synonyms (auto-detected)
	read 6012528 mapped synonyms from file, mapping to 3918595 SNPs in the data
Reading SNP p-values from file /home/yanyq/share_genetics/result/PLACO/tmp_PLACO_LIHC-BGC... 
	detected 2 variables in file
	using variable: variable 1 (SNP id)
	using variable: variable 2 (p-value)
	read 8342340 lines from file, containing valid SNP p-values for 8095428 SNPs in data (97.04% of lines, 35.72% of SNPs in data)
Loading gene annotation from file /home/yanyq/share_genetics/result/MAGMA/anno/VPS9D1-AS1_g1000_eur_10_1.5.genes.annot... 
	1 gene definitions read from file
	found 1 genes containing valid SNPs in genotype data


Starting gene analysis... 
	using model: SNPwise-mean
                                                                                                                   	writing gene analysis results to file /home/yanyq/share_genetics/result/MAGMA_VPS9D1-AS1/asso/PLACO_LIHC-BGC_10_1.5.genes.out
	writing intermediate output to file /home/yanyq/share_genetics/result/MAGMA_VPS9D1-AS1/asso/PLACO_LIHC-BGC_10_1.5.genes.raw


End time is 18:24:48, Friday 22 Nov 2024 (elapsed: 00:00:36)
Welcome to MAGMA v1.10 (linux)
Using flags:
	--bfile /home/yanyq/share_genetics/data/MAGMA/g1000_eur/g1000_eur
	--pval /home/yanyq/share_genetics/result/PLACO/tmp_PLACO_LIHC-BLCA N=631079
	--gene-annot /home/yanyq/share_genetics/result/MAGMA/anno/VPS9D1-AS1_g1000_eur_10_1.5.genes.annot
	--out /home/yanyq/share_genetics/result/MAGMA_VPS9D1-AS1/asso/PLACO_LIHC-BLCA_10_1.5

Start time is 18:24:51, Friday 22 Nov 2024

Loading PLINK-format data...
Reading file /home/yanyq/share_genetics/data/MAGMA/g1000_eur/g1000_eur.fam... 503 individuals read
Reading file /home/yanyq/share_genetics/data/MAGMA/g1000_eur/g1000_eur.bim... 22665064 SNPs read
Preparing file /home/yanyq/share_genetics/data/MAGMA/g1000_eur/g1000_eur.bed... 

Reading SNP synonyms from file /home/yanyq/share_genetics/data/MAGMA/g1000_eur/g1000_eur.synonyms (auto-detected)
	read 6012528 mapped synonyms from file, mapping to 3918595 SNPs in the data
Reading SNP p-values from file /home/yanyq/share_genetics/result/PLACO/tmp_PLACO_LIHC-BLCA... 
	detected 2 variables in file
	using variable: variable 1 (SNP id)
	using variable: variable 2 (p-value)
	read 8341989 lines from file, containing valid SNP p-values for 8095146 SNPs in data (97.04% of lines, 35.72% of SNPs in data)
Loading gene annotation from file /home/yanyq/share_genetics/result/MAGMA/anno/VPS9D1-AS1_g1000_eur_10_1.5.genes.annot... 
	1 gene definitions read from file
	found 1 genes containing valid SNPs in genotype data


Starting gene analysis... 
	using model: SNPwise-mean
                                                                                                                   	writing gene analysis results to file /home/yanyq/share_genetics/result/MAGMA_VPS9D1-AS1/asso/PLACO_LIHC-BLCA_10_1.5.genes.out
	writing intermediate output to file /home/yanyq/share_genetics/result/MAGMA_VPS9D1-AS1/asso/PLACO_LIHC-BLCA_10_1.5.genes.raw


End time is 18:25:26, Friday 22 Nov 2024 (elapsed: 00:00:35)
Welcome to MAGMA v1.10 (linux)
Using flags:
	--bfile /home/yanyq/share_genetics/data/MAGMA/g1000_eur/g1000_eur
	--pval /home/yanyq/share_genetics/result/PLACO/tmp_PLACO_LIHC-BRCA N=512448
	--gene-annot /home/yanyq/share_genetics/result/MAGMA/anno/VPS9D1-AS1_g1000_eur_10_1.5.genes.annot
	--out /home/yanyq/share_genetics/result/MAGMA_VPS9D1-AS1/asso/PLACO_LIHC-BRCA_10_1.5

Start time is 18:25:31, Friday 22 Nov 2024

Loading PLINK-format data...
Reading file /home/yanyq/share_genetics/data/MAGMA/g1000_eur/g1000_eur.fam... 503 individuals read
Reading file /home/yanyq/share_genetics/data/MAGMA/g1000_eur/g1000_eur.bim... 22665064 SNPs read
Preparing file /home/yanyq/share_genetics/data/MAGMA/g1000_eur/g1000_eur.bed... 

Reading SNP synonyms from file /home/yanyq/share_genetics/data/MAGMA/g1000_eur/g1000_eur.synonyms (auto-detected)
	read 6012528 mapped synonyms from file, mapping to 3918595 SNPs in the data
Reading SNP p-values from file /home/yanyq/share_genetics/result/PLACO/tmp_PLACO_LIHC-BRCA... 
	detected 2 variables in file
	using variable: variable 1 (SNP id)
	using variable: variable 2 (p-value)
	read 7658483 lines from file, containing valid SNP p-values for 7586784 SNPs in data (99.06% of lines, 33.47% of SNPs in data)
Loading gene annotation from file /home/yanyq/share_genetics/result/MAGMA/anno/VPS9D1-AS1_g1000_eur_10_1.5.genes.annot... 
	1 gene definitions read from file
	found 1 genes containing valid SNPs in genotype data


Starting gene analysis... 
	using model: SNPwise-mean
                                                                                                                   	writing gene analysis results to file /home/yanyq/share_genetics/result/MAGMA_VPS9D1-AS1/asso/PLACO_LIHC-BRCA_10_1.5.genes.out
	writing intermediate output to file /home/yanyq/share_genetics/result/MAGMA_VPS9D1-AS1/asso/PLACO_LIHC-BRCA_10_1.5.genes.raw


End time is 18:26:06, Friday 22 Nov 2024 (elapsed: 00:00:35)
Welcome to MAGMA v1.10 (linux)
Using flags:
	--bfile /home/yanyq/share_genetics/data/MAGMA/g1000_eur/g1000_eur
	--pval /home/yanyq/share_genetics/result/PLACO/tmp_PLACO_LIHC-CRC N=500309
	--gene-annot /home/yanyq/share_genetics/result/MAGMA/anno/VPS9D1-AS1_g1000_eur_10_1.5.genes.annot
	--out /home/yanyq/share_genetics/result/MAGMA_VPS9D1-AS1/asso/PLACO_LIHC-CRC_10_1.5

Start time is 18:26:13, Friday 22 Nov 2024

Loading PLINK-format data...
Reading file /home/yanyq/share_genetics/data/MAGMA/g1000_eur/g1000_eur.fam... 503 individuals read
Reading file /home/yanyq/share_genetics/data/MAGMA/g1000_eur/g1000_eur.bim... 22665064 SNPs read
Preparing file /home/yanyq/share_genetics/data/MAGMA/g1000_eur/g1000_eur.bed... 

Reading SNP synonyms from file /home/yanyq/share_genetics/data/MAGMA/g1000_eur/g1000_eur.synonyms (auto-detected)
	read 6012528 mapped synonyms from file, mapping to 3918595 SNPs in the data
Reading SNP p-values from file /home/yanyq/share_genetics/result/PLACO/tmp_PLACO_LIHC-CRC... 
	detected 2 variables in file
	using variable: variable 1 (SNP id)
	using variable: variable 2 (p-value)
	read 7113077 lines from file, containing valid SNP p-values for 7113077 SNPs in data (100% of lines, 31.38% of SNPs in data)
Loading gene annotation from file /home/yanyq/share_genetics/result/MAGMA/anno/VPS9D1-AS1_g1000_eur_10_1.5.genes.annot... 
	1 gene definitions read from file
	found 1 genes containing valid SNPs in genotype data


Starting gene analysis... 
	using model: SNPwise-mean
                                                                                                                   	writing gene analysis results to file /home/yanyq/share_genetics/result/MAGMA_VPS9D1-AS1/asso/PLACO_LIHC-CRC_10_1.5.genes.out
	writing intermediate output to file /home/yanyq/share_genetics/result/MAGMA_VPS9D1-AS1/asso/PLACO_LIHC-CRC_10_1.5.genes.raw


End time is 18:26:47, Friday 22 Nov 2024 (elapsed: 00:00:34)
Welcome to MAGMA v1.10 (linux)
Using flags:
	--bfile /home/yanyq/share_genetics/data/MAGMA/g1000_eur/g1000_eur
	--pval /home/yanyq/share_genetics/result/PLACO/tmp_PLACO_LIHC-DLBC N=629936
	--gene-annot /home/yanyq/share_genetics/result/MAGMA/anno/VPS9D1-AS1_g1000_eur_10_1.5.genes.annot
	--out /home/yanyq/share_genetics/result/MAGMA_VPS9D1-AS1/asso/PLACO_LIHC-DLBC_10_1.5

Start time is 18:26:50, Friday 22 Nov 2024

Loading PLINK-format data...
Reading file /home/yanyq/share_genetics/data/MAGMA/g1000_eur/g1000_eur.fam... 503 individuals read
Reading file /home/yanyq/share_genetics/data/MAGMA/g1000_eur/g1000_eur.bim... 22665064 SNPs read
Preparing file /home/yanyq/share_genetics/data/MAGMA/g1000_eur/g1000_eur.bed... 

Reading SNP synonyms from file /home/yanyq/share_genetics/data/MAGMA/g1000_eur/g1000_eur.synonyms (auto-detected)
	read 6012528 mapped synonyms from file, mapping to 3918595 SNPs in the data
Reading SNP p-values from file /home/yanyq/share_genetics/result/PLACO/tmp_PLACO_LIHC-DLBC... 
	detected 2 variables in file
	using variable: variable 1 (SNP id)
	using variable: variable 2 (p-value)
	read 8342108 lines from file, containing valid SNP p-values for 8095222 SNPs in data (97.04% of lines, 35.72% of SNPs in data)
Loading gene annotation from file /home/yanyq/share_genetics/result/MAGMA/anno/VPS9D1-AS1_g1000_eur_10_1.5.genes.annot... 
	1 gene definitions read from file
	found 1 genes containing valid SNPs in genotype data


Starting gene analysis... 
	using model: SNPwise-mean
                                                                                                                   	writing gene analysis results to file /home/yanyq/share_genetics/result/MAGMA_VPS9D1-AS1/asso/PLACO_LIHC-DLBC_10_1.5.genes.out
	writing intermediate output to file /home/yanyq/share_genetics/result/MAGMA_VPS9D1-AS1/asso/PLACO_LIHC-DLBC_10_1.5.genes.raw


End time is 18:27:25, Friday 22 Nov 2024 (elapsed: 00:00:35)
Welcome to MAGMA v1.10 (linux)
Using flags:
	--bfile /home/yanyq/share_genetics/data/MAGMA/g1000_eur/g1000_eur
	--pval /home/yanyq/share_genetics/result/PLACO/tmp_PLACO_LIHC-ESCA N=335964
	--gene-annot /home/yanyq/share_genetics/result/MAGMA/anno/VPS9D1-AS1_g1000_eur_10_1.5.genes.annot
	--out /home/yanyq/share_genetics/result/MAGMA_VPS9D1-AS1/asso/PLACO_LIHC-ESCA_10_1.5

Start time is 18:27:28, Friday 22 Nov 2024

Loading PLINK-format data...
Reading file /home/yanyq/share_genetics/data/MAGMA/g1000_eur/g1000_eur.fam... 503 individuals read
Reading file /home/yanyq/share_genetics/data/MAGMA/g1000_eur/g1000_eur.bim... 22665064 SNPs read
Preparing file /home/yanyq/share_genetics/data/MAGMA/g1000_eur/g1000_eur.bed... 

Reading SNP synonyms from file /home/yanyq/share_genetics/data/MAGMA/g1000_eur/g1000_eur.synonyms (auto-detected)
	read 6012528 mapped synonyms from file, mapping to 3918595 SNPs in the data
Reading SNP p-values from file /home/yanyq/share_genetics/result/PLACO/tmp_PLACO_LIHC-ESCA... 
	detected 2 variables in file
	using variable: variable 1 (SNP id)
	using variable: variable 2 (p-value)
	read 7213674 lines from file, containing valid SNP p-values for 7213674 SNPs in data (100% of lines, 31.83% of SNPs in data)
Loading gene annotation from file /home/yanyq/share_genetics/result/MAGMA/anno/VPS9D1-AS1_g1000_eur_10_1.5.genes.annot... 
	1 gene definitions read from file
	found 1 genes containing valid SNPs in genotype data


Starting gene analysis... 
	using model: SNPwise-mean
                                                                                                                   	writing gene analysis results to file /home/yanyq/share_genetics/result/MAGMA_VPS9D1-AS1/asso/PLACO_LIHC-ESCA_10_1.5.genes.out
	writing intermediate output to file /home/yanyq/share_genetics/result/MAGMA_VPS9D1-AS1/asso/PLACO_LIHC-ESCA_10_1.5.genes.raw


End time is 18:28:05, Friday 22 Nov 2024 (elapsed: 00:00:37)
Welcome to MAGMA v1.10 (linux)
Using flags:
	--bfile /home/yanyq/share_genetics/data/MAGMA/g1000_eur/g1000_eur
	--pval /home/yanyq/share_genetics/result/PLACO/tmp_PLACO_LIHC-HNSC N=631167
	--gene-annot /home/yanyq/share_genetics/result/MAGMA/anno/VPS9D1-AS1_g1000_eur_10_1.5.genes.annot
	--out /home/yanyq/share_genetics/result/MAGMA_VPS9D1-AS1/asso/PLACO_LIHC-HNSC_10_1.5

Start time is 18:28:09, Friday 22 Nov 2024

Loading PLINK-format data...
Reading file /home/yanyq/share_genetics/data/MAGMA/g1000_eur/g1000_eur.fam... 503 individuals read
Reading file /home/yanyq/share_genetics/data/MAGMA/g1000_eur/g1000_eur.bim... 22665064 SNPs read
Preparing file /home/yanyq/share_genetics/data/MAGMA/g1000_eur/g1000_eur.bed... 

Reading SNP synonyms from file /home/yanyq/share_genetics/data/MAGMA/g1000_eur/g1000_eur.synonyms (auto-detected)
	read 6012528 mapped synonyms from file, mapping to 3918595 SNPs in the data
Reading SNP p-values from file /home/yanyq/share_genetics/result/PLACO/tmp_PLACO_LIHC-HNSC... 
	detected 2 variables in file
	using variable: variable 1 (SNP id)
	using variable: variable 2 (p-value)
	read 8341966 lines from file, containing valid SNP p-values for 8095103 SNPs in data (97.04% of lines, 35.72% of SNPs in data)
Loading gene annotation from file /home/yanyq/share_genetics/result/MAGMA/anno/VPS9D1-AS1_g1000_eur_10_1.5.genes.annot... 
	1 gene definitions read from file
	found 1 genes containing valid SNPs in genotype data


Starting gene analysis... 
	using model: SNPwise-mean
                                                                                                                   	writing gene analysis results to file /home/yanyq/share_genetics/result/MAGMA_VPS9D1-AS1/asso/PLACO_LIHC-HNSC_10_1.5.genes.out
	writing intermediate output to file /home/yanyq/share_genetics/result/MAGMA_VPS9D1-AS1/asso/PLACO_LIHC-HNSC_10_1.5.genes.raw


End time is 18:28:46, Friday 22 Nov 2024 (elapsed: 00:00:37)
Welcome to MAGMA v1.10 (linux)
Using flags:
	--bfile /home/yanyq/share_genetics/data/MAGMA/g1000_eur/g1000_eur
	--pval /home/yanyq/share_genetics/result/PLACO/tmp_PLACO_LIHC-kidney N=631258
	--gene-annot /home/yanyq/share_genetics/result/MAGMA/anno/VPS9D1-AS1_g1000_eur_10_1.5.genes.annot
	--out /home/yanyq/share_genetics/result/MAGMA_VPS9D1-AS1/asso/PLACO_LIHC-kidney_10_1.5

Start time is 18:28:54, Friday 22 Nov 2024

Loading PLINK-format data...
Reading file /home/yanyq/share_genetics/data/MAGMA/g1000_eur/g1000_eur.fam... 503 individuals read
Reading file /home/yanyq/share_genetics/data/MAGMA/g1000_eur/g1000_eur.bim... 22665064 SNPs read
Preparing file /home/yanyq/share_genetics/data/MAGMA/g1000_eur/g1000_eur.bed... 

Reading SNP synonyms from file /home/yanyq/share_genetics/data/MAGMA/g1000_eur/g1000_eur.synonyms (auto-detected)
	read 6012528 mapped synonyms from file, mapping to 3918595 SNPs in the data
Reading SNP p-values from file /home/yanyq/share_genetics/result/PLACO/tmp_PLACO_LIHC-kidney... 
	detected 2 variables in file
	using variable: variable 1 (SNP id)
	using variable: variable 2 (p-value)
	read 8341927 lines from file, containing valid SNP p-values for 8095075 SNPs in data (97.04% of lines, 35.72% of SNPs in data)
Loading gene annotation from file /home/yanyq/share_genetics/result/MAGMA/anno/VPS9D1-AS1_g1000_eur_10_1.5.genes.annot... 
	1 gene definitions read from file
	found 1 genes containing valid SNPs in genotype data


Starting gene analysis... 
	using model: SNPwise-mean
                                                                                                                   	writing gene analysis results to file /home/yanyq/share_genetics/result/MAGMA_VPS9D1-AS1/asso/PLACO_LIHC-kidney_10_1.5.genes.out
	writing intermediate output to file /home/yanyq/share_genetics/result/MAGMA_VPS9D1-AS1/asso/PLACO_LIHC-kidney_10_1.5.genes.raw


End time is 18:29:31, Friday 22 Nov 2024 (elapsed: 00:00:37)
Welcome to MAGMA v1.10 (linux)
Using flags:
	--bfile /home/yanyq/share_genetics/data/MAGMA/g1000_eur/g1000_eur
	--pval /home/yanyq/share_genetics/result/PLACO/tmp_PLACO_LIHC-LL N=725895
	--gene-annot /home/yanyq/share_genetics/result/MAGMA/anno/VPS9D1-AS1_g1000_eur_10_1.5.genes.annot
	--out /home/yanyq/share_genetics/result/MAGMA_VPS9D1-AS1/asso/PLACO_LIHC-LL_10_1.5

Start time is 18:29:36, Friday 22 Nov 2024

Loading PLINK-format data...
Reading file /home/yanyq/share_genetics/data/MAGMA/g1000_eur/g1000_eur.fam... 503 individuals read
Reading file /home/yanyq/share_genetics/data/MAGMA/g1000_eur/g1000_eur.bim... 22665064 SNPs read
Preparing file /home/yanyq/share_genetics/data/MAGMA/g1000_eur/g1000_eur.bed... 

Reading SNP synonyms from file /home/yanyq/share_genetics/data/MAGMA/g1000_eur/g1000_eur.synonyms (auto-detected)
	read 6012528 mapped synonyms from file, mapping to 3918595 SNPs in the data
Reading SNP p-values from file /home/yanyq/share_genetics/result/PLACO/tmp_PLACO_LIHC-LL... 
	detected 2 variables in file
	using variable: variable 1 (SNP id)
	using variable: variable 2 (p-value)
	read 7181397 lines from file, containing valid SNP p-values for 7181397 SNPs in data (100% of lines, 31.68% of SNPs in data)
Loading gene annotation from file /home/yanyq/share_genetics/result/MAGMA/anno/VPS9D1-AS1_g1000_eur_10_1.5.genes.annot... 
	1 gene definitions read from file
	found 1 genes containing valid SNPs in genotype data


Starting gene analysis... 
	using model: SNPwise-mean
                                                                                                                   	writing gene analysis results to file /home/yanyq/share_genetics/result/MAGMA_VPS9D1-AS1/asso/PLACO_LIHC-LL_10_1.5.genes.out
	writing intermediate output to file /home/yanyq/share_genetics/result/MAGMA_VPS9D1-AS1/asso/PLACO_LIHC-LL_10_1.5.genes.raw


End time is 18:30:10, Friday 22 Nov 2024 (elapsed: 00:00:34)
Welcome to MAGMA v1.10 (linux)
Using flags:
	--bfile /home/yanyq/share_genetics/data/MAGMA/g1000_eur/g1000_eur
	--pval /home/yanyq/share_genetics/result/PLACO/tmp_PLACO_LIHC-lung N=400409
	--gene-annot /home/yanyq/share_genetics/result/MAGMA/anno/VPS9D1-AS1_g1000_eur_10_1.5.genes.annot
	--out /home/yanyq/share_genetics/result/MAGMA_VPS9D1-AS1/asso/PLACO_LIHC-lung_10_1.5

Start time is 18:30:17, Friday 22 Nov 2024

Loading PLINK-format data...
Reading file /home/yanyq/share_genetics/data/MAGMA/g1000_eur/g1000_eur.fam... 503 individuals read
Reading file /home/yanyq/share_genetics/data/MAGMA/g1000_eur/g1000_eur.bim... 22665064 SNPs read
Preparing file /home/yanyq/share_genetics/data/MAGMA/g1000_eur/g1000_eur.bed... 

Reading SNP synonyms from file /home/yanyq/share_genetics/data/MAGMA/g1000_eur/g1000_eur.synonyms (auto-detected)
	read 6012528 mapped synonyms from file, mapping to 3918595 SNPs in the data
Reading SNP p-values from file /home/yanyq/share_genetics/result/PLACO/tmp_PLACO_LIHC-lung... 
	detected 2 variables in file
	using variable: variable 1 (SNP id)
	using variable: variable 2 (p-value)
	read 6840319 lines from file, containing valid SNP p-values for 6781521 SNPs in data (99.14% of lines, 29.92% of SNPs in data)
Loading gene annotation from file /home/yanyq/share_genetics/result/MAGMA/anno/VPS9D1-AS1_g1000_eur_10_1.5.genes.annot... 
	1 gene definitions read from file
	found 1 genes containing valid SNPs in genotype data


Starting gene analysis... 
	using model: SNPwise-mean
                                                                                                                   	writing gene analysis results to file /home/yanyq/share_genetics/result/MAGMA_VPS9D1-AS1/asso/PLACO_LIHC-lung_10_1.5.genes.out
	writing intermediate output to file /home/yanyq/share_genetics/result/MAGMA_VPS9D1-AS1/asso/PLACO_LIHC-lung_10_1.5.genes.raw


End time is 18:30:52, Friday 22 Nov 2024 (elapsed: 00:00:35)
Welcome to MAGMA v1.10 (linux)
Using flags:
	--bfile /home/yanyq/share_genetics/data/MAGMA/g1000_eur/g1000_eur
	--pval /home/yanyq/share_genetics/result/PLACO/tmp_PLACO_LIHC-MCL N=629096
	--gene-annot /home/yanyq/share_genetics/result/MAGMA/anno/VPS9D1-AS1_g1000_eur_10_1.5.genes.annot
	--out /home/yanyq/share_genetics/result/MAGMA_VPS9D1-AS1/asso/PLACO_LIHC-MCL_10_1.5

Start time is 18:30:56, Friday 22 Nov 2024

Loading PLINK-format data...
Reading file /home/yanyq/share_genetics/data/MAGMA/g1000_eur/g1000_eur.fam... 503 individuals read
Reading file /home/yanyq/share_genetics/data/MAGMA/g1000_eur/g1000_eur.bim... 22665064 SNPs read
Preparing file /home/yanyq/share_genetics/data/MAGMA/g1000_eur/g1000_eur.bed... 

Reading SNP synonyms from file /home/yanyq/share_genetics/data/MAGMA/g1000_eur/g1000_eur.synonyms (auto-detected)
	read 6012528 mapped synonyms from file, mapping to 3918595 SNPs in the data
Reading SNP p-values from file /home/yanyq/share_genetics/result/PLACO/tmp_PLACO_LIHC-MCL... 
	detected 2 variables in file
	using variable: variable 1 (SNP id)
	using variable: variable 2 (p-value)
	read 8342333 lines from file, containing valid SNP p-values for 8095432 SNPs in data (97.04% of lines, 35.72% of SNPs in data)
Loading gene annotation from file /home/yanyq/share_genetics/result/MAGMA/anno/VPS9D1-AS1_g1000_eur_10_1.5.genes.annot... 
	1 gene definitions read from file
	found 1 genes containing valid SNPs in genotype data


Starting gene analysis... 
	using model: SNPwise-mean
                                                                                                                   	writing gene analysis results to file /home/yanyq/share_genetics/result/MAGMA_VPS9D1-AS1/asso/PLACO_LIHC-MCL_10_1.5.genes.out
	writing intermediate output to file /home/yanyq/share_genetics/result/MAGMA_VPS9D1-AS1/asso/PLACO_LIHC-MCL_10_1.5.genes.raw


End time is 18:31:34, Friday 22 Nov 2024 (elapsed: 00:00:38)
Welcome to MAGMA v1.10 (linux)
Using flags:
	--bfile /home/yanyq/share_genetics/data/MAGMA/g1000_eur/g1000_eur
	--pval /home/yanyq/share_genetics/result/PLACO/tmp_PLACO_LIHC-MESO N=629242
	--gene-annot /home/yanyq/share_genetics/result/MAGMA/anno/VPS9D1-AS1_g1000_eur_10_1.5.genes.annot
	--out /home/yanyq/share_genetics/result/MAGMA_VPS9D1-AS1/asso/PLACO_LIHC-MESO_10_1.5

Start time is 18:31:41, Friday 22 Nov 2024

Loading PLINK-format data...
Reading file /home/yanyq/share_genetics/data/MAGMA/g1000_eur/g1000_eur.fam... 503 individuals read
Reading file /home/yanyq/share_genetics/data/MAGMA/g1000_eur/g1000_eur.bim... 22665064 SNPs read
Preparing file /home/yanyq/share_genetics/data/MAGMA/g1000_eur/g1000_eur.bed... 

Reading SNP synonyms from file /home/yanyq/share_genetics/data/MAGMA/g1000_eur/g1000_eur.synonyms (auto-detected)
	read 6012528 mapped synonyms from file, mapping to 3918595 SNPs in the data
Reading SNP p-values from file /home/yanyq/share_genetics/result/PLACO/tmp_PLACO_LIHC-MESO... 
	detected 2 variables in file
	using variable: variable 1 (SNP id)
	using variable: variable 2 (p-value)
	read 8342291 lines from file, containing valid SNP p-values for 8095389 SNPs in data (97.04% of lines, 35.72% of SNPs in data)
Loading gene annotation from file /home/yanyq/share_genetics/result/MAGMA/anno/VPS9D1-AS1_g1000_eur_10_1.5.genes.annot... 
	1 gene definitions read from file
	found 1 genes containing valid SNPs in genotype data


Starting gene analysis... 
	using model: SNPwise-mean
                                                                                                                   	writing gene analysis results to file /home/yanyq/share_genetics/result/MAGMA_VPS9D1-AS1/asso/PLACO_LIHC-MESO_10_1.5.genes.out
	writing intermediate output to file /home/yanyq/share_genetics/result/MAGMA_VPS9D1-AS1/asso/PLACO_LIHC-MESO_10_1.5.genes.raw


End time is 18:32:19, Friday 22 Nov 2024 (elapsed: 00:00:38)
Welcome to MAGMA v1.10 (linux)
Using flags:
	--bfile /home/yanyq/share_genetics/data/MAGMA/g1000_eur/g1000_eur
	--pval /home/yanyq/share_genetics/result/PLACO/tmp_PLACO_LIHC-MM N=629501
	--gene-annot /home/yanyq/share_genetics/result/MAGMA/anno/VPS9D1-AS1_g1000_eur_10_1.5.genes.annot
	--out /home/yanyq/share_genetics/result/MAGMA_VPS9D1-AS1/asso/PLACO_LIHC-MM_10_1.5

Start time is 18:32:26, Friday 22 Nov 2024

Loading PLINK-format data...
Reading file /home/yanyq/share_genetics/data/MAGMA/g1000_eur/g1000_eur.fam... 503 individuals read
Reading file /home/yanyq/share_genetics/data/MAGMA/g1000_eur/g1000_eur.bim... 22665064 SNPs read
Preparing file /home/yanyq/share_genetics/data/MAGMA/g1000_eur/g1000_eur.bed... 

Reading SNP synonyms from file /home/yanyq/share_genetics/data/MAGMA/g1000_eur/g1000_eur.synonyms (auto-detected)
	read 6012528 mapped synonyms from file, mapping to 3918595 SNPs in the data
Reading SNP p-values from file /home/yanyq/share_genetics/result/PLACO/tmp_PLACO_LIHC-MM... 
	detected 2 variables in file
	using variable: variable 1 (SNP id)
	using variable: variable 2 (p-value)
	read 8342189 lines from file, containing valid SNP p-values for 8095289 SNPs in data (97.04% of lines, 35.72% of SNPs in data)
Loading gene annotation from file /home/yanyq/share_genetics/result/MAGMA/anno/VPS9D1-AS1_g1000_eur_10_1.5.genes.annot... 
	1 gene definitions read from file
	found 1 genes containing valid SNPs in genotype data


Starting gene analysis... 
	using model: SNPwise-mean
                                                                                                                   	writing gene analysis results to file /home/yanyq/share_genetics/result/MAGMA_VPS9D1-AS1/asso/PLACO_LIHC-MM_10_1.5.genes.out
	writing intermediate output to file /home/yanyq/share_genetics/result/MAGMA_VPS9D1-AS1/asso/PLACO_LIHC-MM_10_1.5.genes.raw


End time is 18:33:03, Friday 22 Nov 2024 (elapsed: 00:00:37)
Welcome to MAGMA v1.10 (linux)
Using flags:
	--bfile /home/yanyq/share_genetics/data/MAGMA/g1000_eur/g1000_eur
	--pval /home/yanyq/share_genetics/result/PLACO/tmp_PLACO_LIHC-MS N=628995
	--gene-annot /home/yanyq/share_genetics/result/MAGMA/anno/VPS9D1-AS1_g1000_eur_10_1.5.genes.annot
	--out /home/yanyq/share_genetics/result/MAGMA_VPS9D1-AS1/asso/PLACO_LIHC-MS_10_1.5

Start time is 18:33:06, Friday 22 Nov 2024

Loading PLINK-format data...
Reading file /home/yanyq/share_genetics/data/MAGMA/g1000_eur/g1000_eur.fam... 503 individuals read
Reading file /home/yanyq/share_genetics/data/MAGMA/g1000_eur/g1000_eur.bim... 22665064 SNPs read
Preparing file /home/yanyq/share_genetics/data/MAGMA/g1000_eur/g1000_eur.bed... 

Reading SNP synonyms from file /home/yanyq/share_genetics/data/MAGMA/g1000_eur/g1000_eur.synonyms (auto-detected)
	read 6012528 mapped synonyms from file, mapping to 3918595 SNPs in the data
Reading SNP p-values from file /home/yanyq/share_genetics/result/PLACO/tmp_PLACO_LIHC-MS... 
	detected 2 variables in file
	using variable: variable 1 (SNP id)
	using variable: variable 2 (p-value)
	read 8342348 lines from file, containing valid SNP p-values for 8095444 SNPs in data (97.04% of lines, 35.72% of SNPs in data)
Loading gene annotation from file /home/yanyq/share_genetics/result/MAGMA/anno/VPS9D1-AS1_g1000_eur_10_1.5.genes.annot... 
	1 gene definitions read from file
	found 1 genes containing valid SNPs in genotype data


Starting gene analysis... 
	using model: SNPwise-mean
                                                                                                                   	writing gene analysis results to file /home/yanyq/share_genetics/result/MAGMA_VPS9D1-AS1/asso/PLACO_LIHC-MS_10_1.5.genes.out
	writing intermediate output to file /home/yanyq/share_genetics/result/MAGMA_VPS9D1-AS1/asso/PLACO_LIHC-MS_10_1.5.genes.raw


End time is 18:33:43, Friday 22 Nov 2024 (elapsed: 00:00:37)
