nohup: ignoring input
bash: /home/yanyq/anaconda3/lib/libtinfo.so.6: no version information available (required by bash)
Welcome to MAGMA v1.10 (linux)
Using flags:
	--bfile /home/yanyq/share_genetics/data/MAGMA/g1000_eur/g1000_eur
	--pval /home/yanyq/share_genetics/result/PLACO/tmp_PLACO_MZBL-SI N=629113
	--gene-annot /home/yanyq/share_genetics/result/MAGMA/anno/VPS9D1-AS1_g1000_eur_10_1.5.genes.annot
	--out /home/yanyq/share_genetics/result/MAGMA_VPS9D1-AS1/asso/PLACO_MZBL-SI_10_1.5

Start time is 18:20:03, Friday 22 Nov 2024

Loading PLINK-format data...
Reading file /home/yanyq/share_genetics/data/MAGMA/g1000_eur/g1000_eur.fam... 503 individuals read
Reading file /home/yanyq/share_genetics/data/MAGMA/g1000_eur/g1000_eur.bim... 22665064 SNPs read
Preparing file /home/yanyq/share_genetics/data/MAGMA/g1000_eur/g1000_eur.bed... 

Reading SNP synonyms from file /home/yanyq/share_genetics/data/MAGMA/g1000_eur/g1000_eur.synonyms (auto-detected)
	read 6012528 mapped synonyms from file, mapping to 3918595 SNPs in the data
Reading SNP p-values from file /home/yanyq/share_genetics/result/PLACO/tmp_PLACO_MZBL-SI... 
	detected 2 variables in file
	using variable: variable 1 (SNP id)
	using variable: variable 2 (p-value)
	read 8342287 lines from file, containing valid SNP p-values for 8095384 SNPs in data (97.04% of lines, 35.72% of SNPs in data)
Loading gene annotation from file /home/yanyq/share_genetics/result/MAGMA/anno/VPS9D1-AS1_g1000_eur_10_1.5.genes.annot... 
	1 gene definitions read from file
	found 1 genes containing valid SNPs in genotype data


Starting gene analysis... 
	using model: SNPwise-mean
                                                                                                                   	writing gene analysis results to file /home/yanyq/share_genetics/result/MAGMA_VPS9D1-AS1/asso/PLACO_MZBL-SI_10_1.5.genes.out
	writing intermediate output to file /home/yanyq/share_genetics/result/MAGMA_VPS9D1-AS1/asso/PLACO_MZBL-SI_10_1.5.genes.raw


End time is 18:20:40, Friday 22 Nov 2024 (elapsed: 00:00:37)
Welcome to MAGMA v1.10 (linux)
Using flags:
	--bfile /home/yanyq/share_genetics/data/MAGMA/g1000_eur/g1000_eur
	--pval /home/yanyq/share_genetics/result/PLACO/tmp_PLACO_MZBL-SKCM N=631782
	--gene-annot /home/yanyq/share_genetics/result/MAGMA/anno/VPS9D1-AS1_g1000_eur_10_1.5.genes.annot
	--out /home/yanyq/share_genetics/result/MAGMA_VPS9D1-AS1/asso/PLACO_MZBL-SKCM_10_1.5

Start time is 18:20:43, Friday 22 Nov 2024

Loading PLINK-format data...
Reading file /home/yanyq/share_genetics/data/MAGMA/g1000_eur/g1000_eur.fam... 503 individuals read
Reading file /home/yanyq/share_genetics/data/MAGMA/g1000_eur/g1000_eur.bim... 22665064 SNPs read
Preparing file /home/yanyq/share_genetics/data/MAGMA/g1000_eur/g1000_eur.bed... 

Reading SNP synonyms from file /home/yanyq/share_genetics/data/MAGMA/g1000_eur/g1000_eur.synonyms (auto-detected)
	read 6012528 mapped synonyms from file, mapping to 3918595 SNPs in the data
Reading SNP p-values from file /home/yanyq/share_genetics/result/PLACO/tmp_PLACO_MZBL-SKCM... 
	detected 2 variables in file
	using variable: variable 1 (SNP id)
	using variable: variable 2 (p-value)
	read 8341502 lines from file, containing valid SNP p-values for 8094687 SNPs in data (97.04% of lines, 35.71% of SNPs in data)
Loading gene annotation from file /home/yanyq/share_genetics/result/MAGMA/anno/VPS9D1-AS1_g1000_eur_10_1.5.genes.annot... 
	1 gene definitions read from file
	found 1 genes containing valid SNPs in genotype data


Starting gene analysis... 
	using model: SNPwise-mean
                                                                                                                   	writing gene analysis results to file /home/yanyq/share_genetics/result/MAGMA_VPS9D1-AS1/asso/PLACO_MZBL-SKCM_10_1.5.genes.out
	writing intermediate output to file /home/yanyq/share_genetics/result/MAGMA_VPS9D1-AS1/asso/PLACO_MZBL-SKCM_10_1.5.genes.raw


End time is 18:21:25, Friday 22 Nov 2024 (elapsed: 00:00:42)
Welcome to MAGMA v1.10 (linux)
Using flags:
	--bfile /home/yanyq/share_genetics/data/MAGMA/g1000_eur/g1000_eur
	--pval /home/yanyq/share_genetics/result/PLACO/tmp_PLACO_MZBL-STAD N=630011
	--gene-annot /home/yanyq/share_genetics/result/MAGMA/anno/VPS9D1-AS1_g1000_eur_10_1.5.genes.annot
	--out /home/yanyq/share_genetics/result/MAGMA_VPS9D1-AS1/asso/PLACO_MZBL-STAD_10_1.5

Start time is 18:21:28, Friday 22 Nov 2024

Loading PLINK-format data...
Reading file /home/yanyq/share_genetics/data/MAGMA/g1000_eur/g1000_eur.fam... 503 individuals read
Reading file /home/yanyq/share_genetics/data/MAGMA/g1000_eur/g1000_eur.bim... 22665064 SNPs read
Preparing file /home/yanyq/share_genetics/data/MAGMA/g1000_eur/g1000_eur.bed... 

Reading SNP synonyms from file /home/yanyq/share_genetics/data/MAGMA/g1000_eur/g1000_eur.synonyms (auto-detected)
	read 6012528 mapped synonyms from file, mapping to 3918595 SNPs in the data
Reading SNP p-values from file /home/yanyq/share_genetics/result/PLACO/tmp_PLACO_MZBL-STAD... 
	detected 2 variables in file
	using variable: variable 1 (SNP id)
	using variable: variable 2 (p-value)
	read 8342147 lines from file, containing valid SNP p-values for 8095266 SNPs in data (97.04% of lines, 35.72% of SNPs in data)
Loading gene annotation from file /home/yanyq/share_genetics/result/MAGMA/anno/VPS9D1-AS1_g1000_eur_10_1.5.genes.annot... 
	1 gene definitions read from file
	found 1 genes containing valid SNPs in genotype data


Starting gene analysis... 
	using model: SNPwise-mean
                                                                                                                   	writing gene analysis results to file /home/yanyq/share_genetics/result/MAGMA_VPS9D1-AS1/asso/PLACO_MZBL-STAD_10_1.5.genes.out
	writing intermediate output to file /home/yanyq/share_genetics/result/MAGMA_VPS9D1-AS1/asso/PLACO_MZBL-STAD_10_1.5.genes.raw


End time is 18:22:04, Friday 22 Nov 2024 (elapsed: 00:00:36)
Welcome to MAGMA v1.10 (linux)
Using flags:
	--bfile /home/yanyq/share_genetics/data/MAGMA/g1000_eur/g1000_eur
	--pval /home/yanyq/share_genetics/result/PLACO/tmp_PLACO_MZBL-TEST N=446087
	--gene-annot /home/yanyq/share_genetics/result/MAGMA/anno/VPS9D1-AS1_g1000_eur_10_1.5.genes.annot
	--out /home/yanyq/share_genetics/result/MAGMA_VPS9D1-AS1/asso/PLACO_MZBL-TEST_10_1.5

Start time is 18:22:09, Friday 22 Nov 2024

Loading PLINK-format data...
Reading file /home/yanyq/share_genetics/data/MAGMA/g1000_eur/g1000_eur.fam... 503 individuals read
Reading file /home/yanyq/share_genetics/data/MAGMA/g1000_eur/g1000_eur.bim... 22665064 SNPs read
Preparing file /home/yanyq/share_genetics/data/MAGMA/g1000_eur/g1000_eur.bed... 

Reading SNP synonyms from file /home/yanyq/share_genetics/data/MAGMA/g1000_eur/g1000_eur.synonyms (auto-detected)
	read 6012528 mapped synonyms from file, mapping to 3918595 SNPs in the data
Reading SNP p-values from file /home/yanyq/share_genetics/result/PLACO/tmp_PLACO_MZBL-TEST... 
	detected 2 variables in file
	using variable: variable 1 (SNP id)
	using variable: variable 2 (p-value)
	read 8332547 lines from file, containing valid SNP p-values for 8086807 SNPs in data (97.05% of lines, 35.68% of SNPs in data)
Loading gene annotation from file /home/yanyq/share_genetics/result/MAGMA/anno/VPS9D1-AS1_g1000_eur_10_1.5.genes.annot... 
	1 gene definitions read from file
	found 1 genes containing valid SNPs in genotype data


Starting gene analysis... 
	using model: SNPwise-mean
                                                                                                                   	writing gene analysis results to file /home/yanyq/share_genetics/result/MAGMA_VPS9D1-AS1/asso/PLACO_MZBL-TEST_10_1.5.genes.out
	writing intermediate output to file /home/yanyq/share_genetics/result/MAGMA_VPS9D1-AS1/asso/PLACO_MZBL-TEST_10_1.5.genes.raw


End time is 18:22:44, Friday 22 Nov 2024 (elapsed: 00:00:35)
Welcome to MAGMA v1.10 (linux)
Using flags:
	--bfile /home/yanyq/share_genetics/data/MAGMA/g1000_eur/g1000_eur
	--pval /home/yanyq/share_genetics/result/PLACO/tmp_PLACO_MZBL-THCA N=630495
	--gene-annot /home/yanyq/share_genetics/result/MAGMA/anno/VPS9D1-AS1_g1000_eur_10_1.5.genes.annot
	--out /home/yanyq/share_genetics/result/MAGMA_VPS9D1-AS1/asso/PLACO_MZBL-THCA_10_1.5

Start time is 18:22:51, Friday 22 Nov 2024

Loading PLINK-format data...
Reading file /home/yanyq/share_genetics/data/MAGMA/g1000_eur/g1000_eur.fam... 503 individuals read
Reading file /home/yanyq/share_genetics/data/MAGMA/g1000_eur/g1000_eur.bim... 22665064 SNPs read
Preparing file /home/yanyq/share_genetics/data/MAGMA/g1000_eur/g1000_eur.bed... 

Reading SNP synonyms from file /home/yanyq/share_genetics/data/MAGMA/g1000_eur/g1000_eur.synonyms (auto-detected)
	read 6012528 mapped synonyms from file, mapping to 3918595 SNPs in the data
Reading SNP p-values from file /home/yanyq/share_genetics/result/PLACO/tmp_PLACO_MZBL-THCA... 
	detected 2 variables in file
	using variable: variable 1 (SNP id)
	using variable: variable 2 (p-value)
	read 8341834 lines from file, containing valid SNP p-values for 8094965 SNPs in data (97.04% of lines, 35.72% of SNPs in data)
Loading gene annotation from file /home/yanyq/share_genetics/result/MAGMA/anno/VPS9D1-AS1_g1000_eur_10_1.5.genes.annot... 
	1 gene definitions read from file
	found 1 genes containing valid SNPs in genotype data


Starting gene analysis... 
	using model: SNPwise-mean
                                                                                                                   	writing gene analysis results to file /home/yanyq/share_genetics/result/MAGMA_VPS9D1-AS1/asso/PLACO_MZBL-THCA_10_1.5.genes.out
	writing intermediate output to file /home/yanyq/share_genetics/result/MAGMA_VPS9D1-AS1/asso/PLACO_MZBL-THCA_10_1.5.genes.raw


End time is 18:23:27, Friday 22 Nov 2024 (elapsed: 00:00:36)
Welcome to MAGMA v1.10 (linux)
Using flags:
	--bfile /home/yanyq/share_genetics/data/MAGMA/g1000_eur/g1000_eur
	--pval /home/yanyq/share_genetics/result/PLACO/tmp_PLACO_MZBL-UCEC N=436280
	--gene-annot /home/yanyq/share_genetics/result/MAGMA/anno/VPS9D1-AS1_g1000_eur_10_1.5.genes.annot
	--out /home/yanyq/share_genetics/result/MAGMA_VPS9D1-AS1/asso/PLACO_MZBL-UCEC_10_1.5

Start time is 18:23:30, Friday 22 Nov 2024

Loading PLINK-format data...
Reading file /home/yanyq/share_genetics/data/MAGMA/g1000_eur/g1000_eur.fam... 503 individuals read
Reading file /home/yanyq/share_genetics/data/MAGMA/g1000_eur/g1000_eur.bim... 22665064 SNPs read
Preparing file /home/yanyq/share_genetics/data/MAGMA/g1000_eur/g1000_eur.bed... 

Reading SNP synonyms from file /home/yanyq/share_genetics/data/MAGMA/g1000_eur/g1000_eur.synonyms (auto-detected)
	read 6012528 mapped synonyms from file, mapping to 3918595 SNPs in the data
Reading SNP p-values from file /home/yanyq/share_genetics/result/PLACO/tmp_PLACO_MZBL-UCEC... 
	detected 2 variables in file
	using variable: variable 1 (SNP id)
	using variable: variable 2 (p-value)
	read 7385578 lines from file, containing valid SNP p-values for 7327311 SNPs in data (99.21% of lines, 32.33% of SNPs in data)
Loading gene annotation from file /home/yanyq/share_genetics/result/MAGMA/anno/VPS9D1-AS1_g1000_eur_10_1.5.genes.annot... 
	1 gene definitions read from file
	found 1 genes containing valid SNPs in genotype data


Starting gene analysis... 
	using model: SNPwise-mean
                                                                                                                   	writing gene analysis results to file /home/yanyq/share_genetics/result/MAGMA_VPS9D1-AS1/asso/PLACO_MZBL-UCEC_10_1.5.genes.out
	writing intermediate output to file /home/yanyq/share_genetics/result/MAGMA_VPS9D1-AS1/asso/PLACO_MZBL-UCEC_10_1.5.genes.raw


End time is 18:24:04, Friday 22 Nov 2024 (elapsed: 00:00:34)
Welcome to MAGMA v1.10 (linux)
Using flags:
	--bfile /home/yanyq/share_genetics/data/MAGMA/g1000_eur/g1000_eur
	--pval /home/yanyq/share_genetics/result/PLACO/tmp_PLACO_MZBL-VULVA N=497524
	--gene-annot /home/yanyq/share_genetics/result/MAGMA/anno/VPS9D1-AS1_g1000_eur_10_1.5.genes.annot
	--out /home/yanyq/share_genetics/result/MAGMA_VPS9D1-AS1/asso/PLACO_MZBL-VULVA_10_1.5

Start time is 18:24:12, Friday 22 Nov 2024

Loading PLINK-format data...
Reading file /home/yanyq/share_genetics/data/MAGMA/g1000_eur/g1000_eur.fam... 503 individuals read
Reading file /home/yanyq/share_genetics/data/MAGMA/g1000_eur/g1000_eur.bim... 22665064 SNPs read
Preparing file /home/yanyq/share_genetics/data/MAGMA/g1000_eur/g1000_eur.bed... 

Reading SNP synonyms from file /home/yanyq/share_genetics/data/MAGMA/g1000_eur/g1000_eur.synonyms (auto-detected)
	read 6012528 mapped synonyms from file, mapping to 3918595 SNPs in the data
Reading SNP p-values from file /home/yanyq/share_genetics/result/PLACO/tmp_PLACO_MZBL-VULVA... 
	detected 2 variables in file
	using variable: variable 1 (SNP id)
	using variable: variable 2 (p-value)
	read 8335076 lines from file, containing valid SNP p-values for 8088778 SNPs in data (97.05% of lines, 35.69% of SNPs in data)
Loading gene annotation from file /home/yanyq/share_genetics/result/MAGMA/anno/VPS9D1-AS1_g1000_eur_10_1.5.genes.annot... 
	1 gene definitions read from file
	found 1 genes containing valid SNPs in genotype data


Starting gene analysis... 
	using model: SNPwise-mean
                                                                                                                   	writing gene analysis results to file /home/yanyq/share_genetics/result/MAGMA_VPS9D1-AS1/asso/PLACO_MZBL-VULVA_10_1.5.genes.out
	writing intermediate output to file /home/yanyq/share_genetics/result/MAGMA_VPS9D1-AS1/asso/PLACO_MZBL-VULVA_10_1.5.genes.raw


End time is 18:24:48, Friday 22 Nov 2024 (elapsed: 00:00:36)
Welcome to MAGMA v1.10 (linux)
Using flags:
	--bfile /home/yanyq/share_genetics/data/MAGMA/g1000_eur/g1000_eur
	--pval /home/yanyq/share_genetics/result/PLACO/tmp_PLACO_SCC-BGC N=633124
	--gene-annot /home/yanyq/share_genetics/result/MAGMA/anno/VPS9D1-AS1_g1000_eur_10_1.5.genes.annot
	--out /home/yanyq/share_genetics/result/MAGMA_VPS9D1-AS1/asso/PLACO_SCC-BGC_10_1.5

Start time is 18:24:52, Friday 22 Nov 2024

Loading PLINK-format data...
Reading file /home/yanyq/share_genetics/data/MAGMA/g1000_eur/g1000_eur.fam... 503 individuals read
Reading file /home/yanyq/share_genetics/data/MAGMA/g1000_eur/g1000_eur.bim... 22665064 SNPs read
Preparing file /home/yanyq/share_genetics/data/MAGMA/g1000_eur/g1000_eur.bed... 

Reading SNP synonyms from file /home/yanyq/share_genetics/data/MAGMA/g1000_eur/g1000_eur.synonyms (auto-detected)
	read 6012528 mapped synonyms from file, mapping to 3918595 SNPs in the data
Reading SNP p-values from file /home/yanyq/share_genetics/result/PLACO/tmp_PLACO_SCC-BGC... 
	detected 2 variables in file
	using variable: variable 1 (SNP id)
	using variable: variable 2 (p-value)
	read 8341591 lines from file, containing valid SNP p-values for 8094768 SNPs in data (97.04% of lines, 35.71% of SNPs in data)
Loading gene annotation from file /home/yanyq/share_genetics/result/MAGMA/anno/VPS9D1-AS1_g1000_eur_10_1.5.genes.annot... 
	1 gene definitions read from file
	found 1 genes containing valid SNPs in genotype data


Starting gene analysis... 
	using model: SNPwise-mean
                                                                                                                   	writing gene analysis results to file /home/yanyq/share_genetics/result/MAGMA_VPS9D1-AS1/asso/PLACO_SCC-BGC_10_1.5.genes.out
	writing intermediate output to file /home/yanyq/share_genetics/result/MAGMA_VPS9D1-AS1/asso/PLACO_SCC-BGC_10_1.5.genes.raw


End time is 18:25:28, Friday 22 Nov 2024 (elapsed: 00:00:36)
Welcome to MAGMA v1.10 (linux)
Using flags:
	--bfile /home/yanyq/share_genetics/data/MAGMA/g1000_eur/g1000_eur
	--pval /home/yanyq/share_genetics/result/PLACO/tmp_PLACO_SCC-BLCA N=634110
	--gene-annot /home/yanyq/share_genetics/result/MAGMA/anno/VPS9D1-AS1_g1000_eur_10_1.5.genes.annot
	--out /home/yanyq/share_genetics/result/MAGMA_VPS9D1-AS1/asso/PLACO_SCC-BLCA_10_1.5

Start time is 18:25:33, Friday 22 Nov 2024

Loading PLINK-format data...
Reading file /home/yanyq/share_genetics/data/MAGMA/g1000_eur/g1000_eur.fam... 503 individuals read
Reading file /home/yanyq/share_genetics/data/MAGMA/g1000_eur/g1000_eur.bim... 22665064 SNPs read
Preparing file /home/yanyq/share_genetics/data/MAGMA/g1000_eur/g1000_eur.bed... 

Reading SNP synonyms from file /home/yanyq/share_genetics/data/MAGMA/g1000_eur/g1000_eur.synonyms (auto-detected)
	read 6012528 mapped synonyms from file, mapping to 3918595 SNPs in the data
Reading SNP p-values from file /home/yanyq/share_genetics/result/PLACO/tmp_PLACO_SCC-BLCA... 
	detected 2 variables in file
	using variable: variable 1 (SNP id)
	using variable: variable 2 (p-value)
	read 8341610 lines from file, containing valid SNP p-values for 8094814 SNPs in data (97.04% of lines, 35.71% of SNPs in data)
Loading gene annotation from file /home/yanyq/share_genetics/result/MAGMA/anno/VPS9D1-AS1_g1000_eur_10_1.5.genes.annot... 
	1 gene definitions read from file
	found 1 genes containing valid SNPs in genotype data


Starting gene analysis... 
	using model: SNPwise-mean
                                                                                                                   	writing gene analysis results to file /home/yanyq/share_genetics/result/MAGMA_VPS9D1-AS1/asso/PLACO_SCC-BLCA_10_1.5.genes.out
	writing intermediate output to file /home/yanyq/share_genetics/result/MAGMA_VPS9D1-AS1/asso/PLACO_SCC-BLCA_10_1.5.genes.raw


End time is 18:26:08, Friday 22 Nov 2024 (elapsed: 00:00:35)
Welcome to MAGMA v1.10 (linux)
Using flags:
	--bfile /home/yanyq/share_genetics/data/MAGMA/g1000_eur/g1000_eur
	--pval /home/yanyq/share_genetics/result/PLACO/tmp_PLACO_SCC-BRCA N=515479
	--gene-annot /home/yanyq/share_genetics/result/MAGMA/anno/VPS9D1-AS1_g1000_eur_10_1.5.genes.annot
	--out /home/yanyq/share_genetics/result/MAGMA_VPS9D1-AS1/asso/PLACO_SCC-BRCA_10_1.5

Start time is 18:26:15, Friday 22 Nov 2024

Loading PLINK-format data...
Reading file /home/yanyq/share_genetics/data/MAGMA/g1000_eur/g1000_eur.fam... 503 individuals read
Reading file /home/yanyq/share_genetics/data/MAGMA/g1000_eur/g1000_eur.bim... 22665064 SNPs read
Preparing file /home/yanyq/share_genetics/data/MAGMA/g1000_eur/g1000_eur.bed... 

Reading SNP synonyms from file /home/yanyq/share_genetics/data/MAGMA/g1000_eur/g1000_eur.synonyms (auto-detected)
	read 6012528 mapped synonyms from file, mapping to 3918595 SNPs in the data
Reading SNP p-values from file /home/yanyq/share_genetics/result/PLACO/tmp_PLACO_SCC-BRCA... 
	detected 2 variables in file
	using variable: variable 1 (SNP id)
	using variable: variable 2 (p-value)
	read 7658534 lines from file, containing valid SNP p-values for 7586839 SNPs in data (99.06% of lines, 33.47% of SNPs in data)
Loading gene annotation from file /home/yanyq/share_genetics/result/MAGMA/anno/VPS9D1-AS1_g1000_eur_10_1.5.genes.annot... 
	1 gene definitions read from file
	found 1 genes containing valid SNPs in genotype data


Starting gene analysis... 
	using model: SNPwise-mean
                                                                                                                   	writing gene analysis results to file /home/yanyq/share_genetics/result/MAGMA_VPS9D1-AS1/asso/PLACO_SCC-BRCA_10_1.5.genes.out
	writing intermediate output to file /home/yanyq/share_genetics/result/MAGMA_VPS9D1-AS1/asso/PLACO_SCC-BRCA_10_1.5.genes.raw


End time is 18:26:49, Friday 22 Nov 2024 (elapsed: 00:00:34)
Welcome to MAGMA v1.10 (linux)
Using flags:
	--bfile /home/yanyq/share_genetics/data/MAGMA/g1000_eur/g1000_eur
	--pval /home/yanyq/share_genetics/result/PLACO/tmp_PLACO_SCC-CRC N=503340
	--gene-annot /home/yanyq/share_genetics/result/MAGMA/anno/VPS9D1-AS1_g1000_eur_10_1.5.genes.annot
	--out /home/yanyq/share_genetics/result/MAGMA_VPS9D1-AS1/asso/PLACO_SCC-CRC_10_1.5

Start time is 18:26:55, Friday 22 Nov 2024

Loading PLINK-format data...
Reading file /home/yanyq/share_genetics/data/MAGMA/g1000_eur/g1000_eur.fam... 503 individuals read
Reading file /home/yanyq/share_genetics/data/MAGMA/g1000_eur/g1000_eur.bim... 22665064 SNPs read
Preparing file /home/yanyq/share_genetics/data/MAGMA/g1000_eur/g1000_eur.bed... 

Reading SNP synonyms from file /home/yanyq/share_genetics/data/MAGMA/g1000_eur/g1000_eur.synonyms (auto-detected)
	read 6012528 mapped synonyms from file, mapping to 3918595 SNPs in the data
Reading SNP p-values from file /home/yanyq/share_genetics/result/PLACO/tmp_PLACO_SCC-CRC... 
	detected 2 variables in file
	using variable: variable 1 (SNP id)
	using variable: variable 2 (p-value)
	read 7113105 lines from file, containing valid SNP p-values for 7113105 SNPs in data (100% of lines, 31.38% of SNPs in data)
Loading gene annotation from file /home/yanyq/share_genetics/result/MAGMA/anno/VPS9D1-AS1_g1000_eur_10_1.5.genes.annot... 
	1 gene definitions read from file
	found 1 genes containing valid SNPs in genotype data


Starting gene analysis... 
	using model: SNPwise-mean
                                                                                                                   	writing gene analysis results to file /home/yanyq/share_genetics/result/MAGMA_VPS9D1-AS1/asso/PLACO_SCC-CRC_10_1.5.genes.out
	writing intermediate output to file /home/yanyq/share_genetics/result/MAGMA_VPS9D1-AS1/asso/PLACO_SCC-CRC_10_1.5.genes.raw


End time is 18:27:28, Friday 22 Nov 2024 (elapsed: 00:00:33)
Welcome to MAGMA v1.10 (linux)
Using flags:
	--bfile /home/yanyq/share_genetics/data/MAGMA/g1000_eur/g1000_eur
	--pval /home/yanyq/share_genetics/result/PLACO/tmp_PLACO_SCC-DLBC N=632967
	--gene-annot /home/yanyq/share_genetics/result/MAGMA/anno/VPS9D1-AS1_g1000_eur_10_1.5.genes.annot
	--out /home/yanyq/share_genetics/result/MAGMA_VPS9D1-AS1/asso/PLACO_SCC-DLBC_10_1.5

Start time is 18:27:34, Friday 22 Nov 2024

Loading PLINK-format data...
Reading file /home/yanyq/share_genetics/data/MAGMA/g1000_eur/g1000_eur.fam... 503 individuals read
Reading file /home/yanyq/share_genetics/data/MAGMA/g1000_eur/g1000_eur.bim... 22665064 SNPs read
Preparing file /home/yanyq/share_genetics/data/MAGMA/g1000_eur/g1000_eur.bed... 

Reading SNP synonyms from file /home/yanyq/share_genetics/data/MAGMA/g1000_eur/g1000_eur.synonyms (auto-detected)
	read 6012528 mapped synonyms from file, mapping to 3918595 SNPs in the data
Reading SNP p-values from file /home/yanyq/share_genetics/result/PLACO/tmp_PLACO_SCC-DLBC... 
	detected 2 variables in file
	using variable: variable 1 (SNP id)
	using variable: variable 2 (p-value)
	read 8341615 lines from file, containing valid SNP p-values for 8094792 SNPs in data (97.04% of lines, 35.71% of SNPs in data)
Loading gene annotation from file /home/yanyq/share_genetics/result/MAGMA/anno/VPS9D1-AS1_g1000_eur_10_1.5.genes.annot... 
	1 gene definitions read from file
	found 1 genes containing valid SNPs in genotype data


Starting gene analysis... 
	using model: SNPwise-mean
                                                                                                                   	writing gene analysis results to file /home/yanyq/share_genetics/result/MAGMA_VPS9D1-AS1/asso/PLACO_SCC-DLBC_10_1.5.genes.out
	writing intermediate output to file /home/yanyq/share_genetics/result/MAGMA_VPS9D1-AS1/asso/PLACO_SCC-DLBC_10_1.5.genes.raw


End time is 18:28:09, Friday 22 Nov 2024 (elapsed: 00:00:35)
Welcome to MAGMA v1.10 (linux)
Using flags:
	--bfile /home/yanyq/share_genetics/data/MAGMA/g1000_eur/g1000_eur
	--pval /home/yanyq/share_genetics/result/PLACO/tmp_PLACO_SCC-ESCA N=338995
	--gene-annot /home/yanyq/share_genetics/result/MAGMA/anno/VPS9D1-AS1_g1000_eur_10_1.5.genes.annot
	--out /home/yanyq/share_genetics/result/MAGMA_VPS9D1-AS1/asso/PLACO_SCC-ESCA_10_1.5

Start time is 18:28:13, Friday 22 Nov 2024

Loading PLINK-format data...
Reading file /home/yanyq/share_genetics/data/MAGMA/g1000_eur/g1000_eur.fam... 503 individuals read
Reading file /home/yanyq/share_genetics/data/MAGMA/g1000_eur/g1000_eur.bim... 22665064 SNPs read
Preparing file /home/yanyq/share_genetics/data/MAGMA/g1000_eur/g1000_eur.bed... 

Reading SNP synonyms from file /home/yanyq/share_genetics/data/MAGMA/g1000_eur/g1000_eur.synonyms (auto-detected)
	read 6012528 mapped synonyms from file, mapping to 3918595 SNPs in the data
Reading SNP p-values from file /home/yanyq/share_genetics/result/PLACO/tmp_PLACO_SCC-ESCA... 
	detected 2 variables in file
	using variable: variable 1 (SNP id)
	using variable: variable 2 (p-value)
	read 7213706 lines from file, containing valid SNP p-values for 7213706 SNPs in data (100% of lines, 31.83% of SNPs in data)
Loading gene annotation from file /home/yanyq/share_genetics/result/MAGMA/anno/VPS9D1-AS1_g1000_eur_10_1.5.genes.annot... 
	1 gene definitions read from file
	found 1 genes containing valid SNPs in genotype data


Starting gene analysis... 
	using model: SNPwise-mean
                                                                                                                   	writing gene analysis results to file /home/yanyq/share_genetics/result/MAGMA_VPS9D1-AS1/asso/PLACO_SCC-ESCA_10_1.5.genes.out
	writing intermediate output to file /home/yanyq/share_genetics/result/MAGMA_VPS9D1-AS1/asso/PLACO_SCC-ESCA_10_1.5.genes.raw


End time is 18:28:49, Friday 22 Nov 2024 (elapsed: 00:00:36)
Welcome to MAGMA v1.10 (linux)
Using flags:
	--bfile /home/yanyq/share_genetics/data/MAGMA/g1000_eur/g1000_eur
	--pval /home/yanyq/share_genetics/result/PLACO/tmp_PLACO_SCC-HNSC N=634198
	--gene-annot /home/yanyq/share_genetics/result/MAGMA/anno/VPS9D1-AS1_g1000_eur_10_1.5.genes.annot
	--out /home/yanyq/share_genetics/result/MAGMA_VPS9D1-AS1/asso/PLACO_SCC-HNSC_10_1.5

Start time is 18:28:55, Friday 22 Nov 2024

Loading PLINK-format data...
Reading file /home/yanyq/share_genetics/data/MAGMA/g1000_eur/g1000_eur.fam... 503 individuals read
Reading file /home/yanyq/share_genetics/data/MAGMA/g1000_eur/g1000_eur.bim... 22665064 SNPs read
Preparing file /home/yanyq/share_genetics/data/MAGMA/g1000_eur/g1000_eur.bed... 

Reading SNP synonyms from file /home/yanyq/share_genetics/data/MAGMA/g1000_eur/g1000_eur.synonyms (auto-detected)
	read 6012528 mapped synonyms from file, mapping to 3918595 SNPs in the data
Reading SNP p-values from file /home/yanyq/share_genetics/result/PLACO/tmp_PLACO_SCC-HNSC... 
	detected 2 variables in file
	using variable: variable 1 (SNP id)
	using variable: variable 2 (p-value)
	read 8341613 lines from file, containing valid SNP p-values for 8094805 SNPs in data (97.04% of lines, 35.71% of SNPs in data)
Loading gene annotation from file /home/yanyq/share_genetics/result/MAGMA/anno/VPS9D1-AS1_g1000_eur_10_1.5.genes.annot... 
	1 gene definitions read from file
	found 1 genes containing valid SNPs in genotype data


Starting gene analysis... 
	using model: SNPwise-mean
                                                                                                                   	writing gene analysis results to file /home/yanyq/share_genetics/result/MAGMA_VPS9D1-AS1/asso/PLACO_SCC-HNSC_10_1.5.genes.out
	writing intermediate output to file /home/yanyq/share_genetics/result/MAGMA_VPS9D1-AS1/asso/PLACO_SCC-HNSC_10_1.5.genes.raw


End time is 18:29:31, Friday 22 Nov 2024 (elapsed: 00:00:36)
Welcome to MAGMA v1.10 (linux)
Using flags:
	--bfile /home/yanyq/share_genetics/data/MAGMA/g1000_eur/g1000_eur
	--pval /home/yanyq/share_genetics/result/PLACO/tmp_PLACO_SCC-kidney N=634289
	--gene-annot /home/yanyq/share_genetics/result/MAGMA/anno/VPS9D1-AS1_g1000_eur_10_1.5.genes.annot
	--out /home/yanyq/share_genetics/result/MAGMA_VPS9D1-AS1/asso/PLACO_SCC-kidney_10_1.5

Start time is 18:29:36, Friday 22 Nov 2024

Loading PLINK-format data...
Reading file /home/yanyq/share_genetics/data/MAGMA/g1000_eur/g1000_eur.fam... 503 individuals read
Reading file /home/yanyq/share_genetics/data/MAGMA/g1000_eur/g1000_eur.bim... 22665064 SNPs read
Preparing file /home/yanyq/share_genetics/data/MAGMA/g1000_eur/g1000_eur.bed... 

Reading SNP synonyms from file /home/yanyq/share_genetics/data/MAGMA/g1000_eur/g1000_eur.synonyms (auto-detected)
	read 6012528 mapped synonyms from file, mapping to 3918595 SNPs in the data
Reading SNP p-values from file /home/yanyq/share_genetics/result/PLACO/tmp_PLACO_SCC-kidney... 
	detected 2 variables in file
	using variable: variable 1 (SNP id)
	using variable: variable 2 (p-value)
	read 8341537 lines from file, containing valid SNP p-values for 8094738 SNPs in data (97.04% of lines, 35.71% of SNPs in data)
Loading gene annotation from file /home/yanyq/share_genetics/result/MAGMA/anno/VPS9D1-AS1_g1000_eur_10_1.5.genes.annot... 
	1 gene definitions read from file
	found 1 genes containing valid SNPs in genotype data


Starting gene analysis... 
	using model: SNPwise-mean
                                                                                                                   	writing gene analysis results to file /home/yanyq/share_genetics/result/MAGMA_VPS9D1-AS1/asso/PLACO_SCC-kidney_10_1.5.genes.out
	writing intermediate output to file /home/yanyq/share_genetics/result/MAGMA_VPS9D1-AS1/asso/PLACO_SCC-kidney_10_1.5.genes.raw


End time is 18:30:12, Friday 22 Nov 2024 (elapsed: 00:00:36)
Welcome to MAGMA v1.10 (linux)
Using flags:
	--bfile /home/yanyq/share_genetics/data/MAGMA/g1000_eur/g1000_eur
	--pval /home/yanyq/share_genetics/result/PLACO/tmp_PLACO_SCC-lung N=403440
	--gene-annot /home/yanyq/share_genetics/result/MAGMA/anno/VPS9D1-AS1_g1000_eur_10_1.5.genes.annot
	--out /home/yanyq/share_genetics/result/MAGMA_VPS9D1-AS1/asso/PLACO_SCC-lung_10_1.5

Start time is 18:30:17, Friday 22 Nov 2024

Loading PLINK-format data...
Reading file /home/yanyq/share_genetics/data/MAGMA/g1000_eur/g1000_eur.fam... 503 individuals read
Reading file /home/yanyq/share_genetics/data/MAGMA/g1000_eur/g1000_eur.bim... 22665064 SNPs read
Preparing file /home/yanyq/share_genetics/data/MAGMA/g1000_eur/g1000_eur.bed... 

Reading SNP synonyms from file /home/yanyq/share_genetics/data/MAGMA/g1000_eur/g1000_eur.synonyms (auto-detected)
	read 6012528 mapped synonyms from file, mapping to 3918595 SNPs in the data
Reading SNP p-values from file /home/yanyq/share_genetics/result/PLACO/tmp_PLACO_SCC-lung... 
	detected 2 variables in file
	using variable: variable 1 (SNP id)
	using variable: variable 2 (p-value)
	read 6840336 lines from file, containing valid SNP p-values for 6781539 SNPs in data (99.14% of lines, 29.92% of SNPs in data)
Loading gene annotation from file /home/yanyq/share_genetics/result/MAGMA/anno/VPS9D1-AS1_g1000_eur_10_1.5.genes.annot... 
	1 gene definitions read from file
	found 1 genes containing valid SNPs in genotype data


Starting gene analysis... 
	using model: SNPwise-mean
                                                                                                                   	writing gene analysis results to file /home/yanyq/share_genetics/result/MAGMA_VPS9D1-AS1/asso/PLACO_SCC-lung_10_1.5.genes.out
	writing intermediate output to file /home/yanyq/share_genetics/result/MAGMA_VPS9D1-AS1/asso/PLACO_SCC-lung_10_1.5.genes.raw


End time is 18:30:53, Friday 22 Nov 2024 (elapsed: 00:00:36)
Welcome to MAGMA v1.10 (linux)
Using flags:
	--bfile /home/yanyq/share_genetics/data/MAGMA/g1000_eur/g1000_eur
	--pval /home/yanyq/share_genetics/result/PLACO/tmp_PLACO_SCC-OV N=384174
	--gene-annot /home/yanyq/share_genetics/result/MAGMA/anno/VPS9D1-AS1_g1000_eur_10_1.5.genes.annot
	--out /home/yanyq/share_genetics/result/MAGMA_VPS9D1-AS1/asso/PLACO_SCC-OV_10_1.5

Start time is 18:30:57, Friday 22 Nov 2024

Loading PLINK-format data...
Reading file /home/yanyq/share_genetics/data/MAGMA/g1000_eur/g1000_eur.fam... 503 individuals read
Reading file /home/yanyq/share_genetics/data/MAGMA/g1000_eur/g1000_eur.bim... 22665064 SNPs read
Preparing file /home/yanyq/share_genetics/data/MAGMA/g1000_eur/g1000_eur.bed... 

Reading SNP synonyms from file /home/yanyq/share_genetics/data/MAGMA/g1000_eur/g1000_eur.synonyms (auto-detected)
	read 6012528 mapped synonyms from file, mapping to 3918595 SNPs in the data
Reading SNP p-values from file /home/yanyq/share_genetics/result/PLACO/tmp_PLACO_SCC-OV... 
	detected 2 variables in file
	using variable: variable 1 (SNP id)
	using variable: variable 2 (p-value)
	read 7451874 lines from file, containing valid SNP p-values for 7381333 SNPs in data (99.05% of lines, 32.57% of SNPs in data)
Loading gene annotation from file /home/yanyq/share_genetics/result/MAGMA/anno/VPS9D1-AS1_g1000_eur_10_1.5.genes.annot... 
	1 gene definitions read from file
	found 1 genes containing valid SNPs in genotype data


Starting gene analysis... 
	using model: SNPwise-mean
                                                                                                                   	writing gene analysis results to file /home/yanyq/share_genetics/result/MAGMA_VPS9D1-AS1/asso/PLACO_SCC-OV_10_1.5.genes.out
	writing intermediate output to file /home/yanyq/share_genetics/result/MAGMA_VPS9D1-AS1/asso/PLACO_SCC-OV_10_1.5.genes.raw


End time is 18:31:33, Friday 22 Nov 2024 (elapsed: 00:00:36)
Welcome to MAGMA v1.10 (linux)
Using flags:
	--bfile /home/yanyq/share_genetics/data/MAGMA/g1000_eur/g1000_eur
	--pval /home/yanyq/share_genetics/result/PLACO/tmp_PLACO_SCC-PAAD N=633543
	--gene-annot /home/yanyq/share_genetics/result/MAGMA/anno/VPS9D1-AS1_g1000_eur_10_1.5.genes.annot
	--out /home/yanyq/share_genetics/result/MAGMA_VPS9D1-AS1/asso/PLACO_SCC-PAAD_10_1.5

Start time is 18:31:41, Friday 22 Nov 2024

Loading PLINK-format data...
Reading file /home/yanyq/share_genetics/data/MAGMA/g1000_eur/g1000_eur.fam... 503 individuals read
Reading file /home/yanyq/share_genetics/data/MAGMA/g1000_eur/g1000_eur.bim... 22665064 SNPs read
Preparing file /home/yanyq/share_genetics/data/MAGMA/g1000_eur/g1000_eur.bed... 

Reading SNP synonyms from file /home/yanyq/share_genetics/data/MAGMA/g1000_eur/g1000_eur.synonyms (auto-detected)
	read 6012528 mapped synonyms from file, mapping to 3918595 SNPs in the data
Reading SNP p-values from file /home/yanyq/share_genetics/result/PLACO/tmp_PLACO_SCC-PAAD... 
	detected 2 variables in file
	using variable: variable 1 (SNP id)
	using variable: variable 2 (p-value)
	read 8341647 lines from file, containing valid SNP p-values for 8094839 SNPs in data (97.04% of lines, 35.72% of SNPs in data)
Loading gene annotation from file /home/yanyq/share_genetics/result/MAGMA/anno/VPS9D1-AS1_g1000_eur_10_1.5.genes.annot... 
	1 gene definitions read from file
	found 1 genes containing valid SNPs in genotype data


Starting gene analysis... 
	using model: SNPwise-mean
                                                                                                                   	writing gene analysis results to file /home/yanyq/share_genetics/result/MAGMA_VPS9D1-AS1/asso/PLACO_SCC-PAAD_10_1.5.genes.out
	writing intermediate output to file /home/yanyq/share_genetics/result/MAGMA_VPS9D1-AS1/asso/PLACO_SCC-PAAD_10_1.5.genes.raw


End time is 18:32:18, Friday 22 Nov 2024 (elapsed: 00:00:37)
Welcome to MAGMA v1.10 (linux)
Using flags:
	--bfile /home/yanyq/share_genetics/data/MAGMA/g1000_eur/g1000_eur
	--pval /home/yanyq/share_genetics/result/PLACO/tmp_PLACO_SCC-PRAD N=1044552
	--gene-annot /home/yanyq/share_genetics/result/MAGMA/anno/VPS9D1-AS1_g1000_eur_10_1.5.genes.annot
	--out /home/yanyq/share_genetics/result/MAGMA_VPS9D1-AS1/asso/PLACO_SCC-PRAD_10_1.5

Start time is 18:32:26, Friday 22 Nov 2024

Loading PLINK-format data...
Reading file /home/yanyq/share_genetics/data/MAGMA/g1000_eur/g1000_eur.fam... 503 individuals read
Reading file /home/yanyq/share_genetics/data/MAGMA/g1000_eur/g1000_eur.bim... 22665064 SNPs read
Preparing file /home/yanyq/share_genetics/data/MAGMA/g1000_eur/g1000_eur.bed... 

Reading SNP synonyms from file /home/yanyq/share_genetics/data/MAGMA/g1000_eur/g1000_eur.synonyms (auto-detected)
	read 6012528 mapped synonyms from file, mapping to 3918595 SNPs in the data
Reading SNP p-values from file /home/yanyq/share_genetics/result/PLACO/tmp_PLACO_SCC-PRAD... 
	detected 2 variables in file
	using variable: variable 1 (SNP id)
	using variable: variable 2 (p-value)
	read 7944745 lines from file, containing valid SNP p-values for 7757520 SNPs in data (97.64% of lines, 34.23% of SNPs in data)
Loading gene annotation from file /home/yanyq/share_genetics/result/MAGMA/anno/VPS9D1-AS1_g1000_eur_10_1.5.genes.annot... 
	1 gene definitions read from file
	found 1 genes containing valid SNPs in genotype data


Starting gene analysis... 
	using model: SNPwise-mean
                                                                                                                   	writing gene analysis results to file /home/yanyq/share_genetics/result/MAGMA_VPS9D1-AS1/asso/PLACO_SCC-PRAD_10_1.5.genes.out
	writing intermediate output to file /home/yanyq/share_genetics/result/MAGMA_VPS9D1-AS1/asso/PLACO_SCC-PRAD_10_1.5.genes.raw


End time is 18:33:01, Friday 22 Nov 2024 (elapsed: 00:00:35)
Welcome to MAGMA v1.10 (linux)
Using flags:
	--bfile /home/yanyq/share_genetics/data/MAGMA/g1000_eur/g1000_eur
	--pval /home/yanyq/share_genetics/result/PLACO/tmp_PLACO_SCC-SI N=632442
	--gene-annot /home/yanyq/share_genetics/result/MAGMA/anno/VPS9D1-AS1_g1000_eur_10_1.5.genes.annot
	--out /home/yanyq/share_genetics/result/MAGMA_VPS9D1-AS1/asso/PLACO_SCC-SI_10_1.5

Start time is 18:33:04, Friday 22 Nov 2024

Loading PLINK-format data...
Reading file /home/yanyq/share_genetics/data/MAGMA/g1000_eur/g1000_eur.fam... 503 individuals read
Reading file /home/yanyq/share_genetics/data/MAGMA/g1000_eur/g1000_eur.bim... 22665064 SNPs read
Preparing file /home/yanyq/share_genetics/data/MAGMA/g1000_eur/g1000_eur.bed... 

Reading SNP synonyms from file /home/yanyq/share_genetics/data/MAGMA/g1000_eur/g1000_eur.synonyms (auto-detected)
	read 6012528 mapped synonyms from file, mapping to 3918595 SNPs in the data
Reading SNP p-values from file /home/yanyq/share_genetics/result/PLACO/tmp_PLACO_SCC-SI... 
	detected 2 variables in file
	using variable: variable 1 (SNP id)
	using variable: variable 2 (p-value)
	read 8341670 lines from file, containing valid SNP p-values for 8094845 SNPs in data (97.04% of lines, 35.72% of SNPs in data)
Loading gene annotation from file /home/yanyq/share_genetics/result/MAGMA/anno/VPS9D1-AS1_g1000_eur_10_1.5.genes.annot... 
	1 gene definitions read from file
	found 1 genes containing valid SNPs in genotype data


Starting gene analysis... 
	using model: SNPwise-mean
                                                                                                                   	writing gene analysis results to file /home/yanyq/share_genetics/result/MAGMA_VPS9D1-AS1/asso/PLACO_SCC-SI_10_1.5.genes.out
	writing intermediate output to file /home/yanyq/share_genetics/result/MAGMA_VPS9D1-AS1/asso/PLACO_SCC-SI_10_1.5.genes.raw


End time is 18:33:40, Friday 22 Nov 2024 (elapsed: 00:00:36)
