nohup: ignoring input
bash: /home/yanyq/anaconda3/lib/libtinfo.so.6: no version information available (required by bash)
Welcome to MAGMA v1.10 (linux)
Using flags:
	--bfile /home/yanyq/share_genetics/data/MAGMA/g1000_eur/g1000_eur
	--pval /home/yanyq/share_genetics/result/PLACO/tmp_PLACO_BAC-MS N=628719
	--gene-annot /home/yanyq/share_genetics/result/MAGMA/anno/VPS9D1-AS1_g1000_eur_10_1.5.genes.annot
	--out /home/yanyq/share_genetics/result/MAGMA_VPS9D1-AS1/asso/PLACO_BAC-MS_10_1.5

Start time is 18:20:03, Friday 22 Nov 2024

Loading PLINK-format data...
Reading file /home/yanyq/share_genetics/data/MAGMA/g1000_eur/g1000_eur.fam... 503 individuals read
Reading file /home/yanyq/share_genetics/data/MAGMA/g1000_eur/g1000_eur.bim... 22665064 SNPs read
Preparing file /home/yanyq/share_genetics/data/MAGMA/g1000_eur/g1000_eur.bed... 

Reading SNP synonyms from file /home/yanyq/share_genetics/data/MAGMA/g1000_eur/g1000_eur.synonyms (auto-detected)
	read 6012528 mapped synonyms from file, mapping to 3918595 SNPs in the data
Reading SNP p-values from file /home/yanyq/share_genetics/result/PLACO/tmp_PLACO_BAC-MS... 
	detected 2 variables in file
	using variable: variable 1 (SNP id)
	using variable: variable 2 (p-value)
	read 8342442 lines from file, containing valid SNP p-values for 8095531 SNPs in data (97.04% of lines, 35.72% of SNPs in data)
Loading gene annotation from file /home/yanyq/share_genetics/result/MAGMA/anno/VPS9D1-AS1_g1000_eur_10_1.5.genes.annot... 
	1 gene definitions read from file
	found 1 genes containing valid SNPs in genotype data


Starting gene analysis... 
	using model: SNPwise-mean
                                                                                                                   	writing gene analysis results to file /home/yanyq/share_genetics/result/MAGMA_VPS9D1-AS1/asso/PLACO_BAC-MS_10_1.5.genes.out
	writing intermediate output to file /home/yanyq/share_genetics/result/MAGMA_VPS9D1-AS1/asso/PLACO_BAC-MS_10_1.5.genes.raw


End time is 18:20:42, Friday 22 Nov 2024 (elapsed: 00:00:39)
Welcome to MAGMA v1.10 (linux)
Using flags:
	--bfile /home/yanyq/share_genetics/data/MAGMA/g1000_eur/g1000_eur
	--pval /home/yanyq/share_genetics/result/PLACO/tmp_PLACO_BAC-MZBL N=628812
	--gene-annot /home/yanyq/share_genetics/result/MAGMA/anno/VPS9D1-AS1_g1000_eur_10_1.5.genes.annot
	--out /home/yanyq/share_genetics/result/MAGMA_VPS9D1-AS1/asso/PLACO_BAC-MZBL_10_1.5

Start time is 18:20:45, Friday 22 Nov 2024

Loading PLINK-format data...
Reading file /home/yanyq/share_genetics/data/MAGMA/g1000_eur/g1000_eur.fam... 503 individuals read
Reading file /home/yanyq/share_genetics/data/MAGMA/g1000_eur/g1000_eur.bim... 22665064 SNPs read
Preparing file /home/yanyq/share_genetics/data/MAGMA/g1000_eur/g1000_eur.bed... 

Reading SNP synonyms from file /home/yanyq/share_genetics/data/MAGMA/g1000_eur/g1000_eur.synonyms (auto-detected)
	read 6012528 mapped synonyms from file, mapping to 3918595 SNPs in the data
Reading SNP p-values from file /home/yanyq/share_genetics/result/PLACO/tmp_PLACO_BAC-MZBL... 
	detected 2 variables in file
	using variable: variable 1 (SNP id)
	using variable: variable 2 (p-value)
	read 8342403 lines from file, containing valid SNP p-values for 8095493 SNPs in data (97.04% of lines, 35.72% of SNPs in data)
Loading gene annotation from file /home/yanyq/share_genetics/result/MAGMA/anno/VPS9D1-AS1_g1000_eur_10_1.5.genes.annot... 
	1 gene definitions read from file
	found 1 genes containing valid SNPs in genotype data


Starting gene analysis... 
	using model: SNPwise-mean
                                                                                                                   	writing gene analysis results to file /home/yanyq/share_genetics/result/MAGMA_VPS9D1-AS1/asso/PLACO_BAC-MZBL_10_1.5.genes.out
	writing intermediate output to file /home/yanyq/share_genetics/result/MAGMA_VPS9D1-AS1/asso/PLACO_BAC-MZBL_10_1.5.genes.raw


End time is 18:21:21, Friday 22 Nov 2024 (elapsed: 00:00:36)
Welcome to MAGMA v1.10 (linux)
Using flags:
	--bfile /home/yanyq/share_genetics/data/MAGMA/g1000_eur/g1000_eur
	--pval /home/yanyq/share_genetics/result/PLACO/tmp_PLACO_BAC-OV N=380867
	--gene-annot /home/yanyq/share_genetics/result/MAGMA/anno/VPS9D1-AS1_g1000_eur_10_1.5.genes.annot
	--out /home/yanyq/share_genetics/result/MAGMA_VPS9D1-AS1/asso/PLACO_BAC-OV_10_1.5

Start time is 18:21:26, Friday 22 Nov 2024

Loading PLINK-format data...
Reading file /home/yanyq/share_genetics/data/MAGMA/g1000_eur/g1000_eur.fam... 503 individuals read
Reading file /home/yanyq/share_genetics/data/MAGMA/g1000_eur/g1000_eur.bim... 22665064 SNPs read
Preparing file /home/yanyq/share_genetics/data/MAGMA/g1000_eur/g1000_eur.bed... 

Reading SNP synonyms from file /home/yanyq/share_genetics/data/MAGMA/g1000_eur/g1000_eur.synonyms (auto-detected)
	read 6012528 mapped synonyms from file, mapping to 3918595 SNPs in the data
Reading SNP p-values from file /home/yanyq/share_genetics/result/PLACO/tmp_PLACO_BAC-OV... 
	detected 2 variables in file
	using variable: variable 1 (SNP id)
	using variable: variable 2 (p-value)
	read 7451803 lines from file, containing valid SNP p-values for 7381259 SNPs in data (99.05% of lines, 32.57% of SNPs in data)
Loading gene annotation from file /home/yanyq/share_genetics/result/MAGMA/anno/VPS9D1-AS1_g1000_eur_10_1.5.genes.annot... 
	1 gene definitions read from file
	found 1 genes containing valid SNPs in genotype data


Starting gene analysis... 
	using model: SNPwise-mean
                                                                                                                   	writing gene analysis results to file /home/yanyq/share_genetics/result/MAGMA_VPS9D1-AS1/asso/PLACO_BAC-OV_10_1.5.genes.out
	writing intermediate output to file /home/yanyq/share_genetics/result/MAGMA_VPS9D1-AS1/asso/PLACO_BAC-OV_10_1.5.genes.raw


End time is 18:22:02, Friday 22 Nov 2024 (elapsed: 00:00:36)
Welcome to MAGMA v1.10 (linux)
Using flags:
	--bfile /home/yanyq/share_genetics/data/MAGMA/g1000_eur/g1000_eur
	--pval /home/yanyq/share_genetics/result/PLACO/tmp_PLACO_BAC-PAAD N=630236
	--gene-annot /home/yanyq/share_genetics/result/MAGMA/anno/VPS9D1-AS1_g1000_eur_10_1.5.genes.annot
	--out /home/yanyq/share_genetics/result/MAGMA_VPS9D1-AS1/asso/PLACO_BAC-PAAD_10_1.5

Start time is 18:22:08, Friday 22 Nov 2024

Loading PLINK-format data...
Reading file /home/yanyq/share_genetics/data/MAGMA/g1000_eur/g1000_eur.fam... 503 individuals read
Reading file /home/yanyq/share_genetics/data/MAGMA/g1000_eur/g1000_eur.bim... 22665064 SNPs read
Preparing file /home/yanyq/share_genetics/data/MAGMA/g1000_eur/g1000_eur.bed... 

Reading SNP synonyms from file /home/yanyq/share_genetics/data/MAGMA/g1000_eur/g1000_eur.synonyms (auto-detected)
	read 6012528 mapped synonyms from file, mapping to 3918595 SNPs in the data
Reading SNP p-values from file /home/yanyq/share_genetics/result/PLACO/tmp_PLACO_BAC-PAAD... 
	detected 2 variables in file
	using variable: variable 1 (SNP id)
	using variable: variable 2 (p-value)
	read 8342179 lines from file, containing valid SNP p-values for 8095303 SNPs in data (97.04% of lines, 35.72% of SNPs in data)
Loading gene annotation from file /home/yanyq/share_genetics/result/MAGMA/anno/VPS9D1-AS1_g1000_eur_10_1.5.genes.annot... 
	1 gene definitions read from file
	found 1 genes containing valid SNPs in genotype data


Starting gene analysis... 
	using model: SNPwise-mean
                                                                                                                   	writing gene analysis results to file /home/yanyq/share_genetics/result/MAGMA_VPS9D1-AS1/asso/PLACO_BAC-PAAD_10_1.5.genes.out
	writing intermediate output to file /home/yanyq/share_genetics/result/MAGMA_VPS9D1-AS1/asso/PLACO_BAC-PAAD_10_1.5.genes.raw


End time is 18:22:46, Friday 22 Nov 2024 (elapsed: 00:00:38)
Welcome to MAGMA v1.10 (linux)
Using flags:
	--bfile /home/yanyq/share_genetics/data/MAGMA/g1000_eur/g1000_eur
	--pval /home/yanyq/share_genetics/result/PLACO/tmp_PLACO_BAC-PRAD N=1041245
	--gene-annot /home/yanyq/share_genetics/result/MAGMA/anno/VPS9D1-AS1_g1000_eur_10_1.5.genes.annot
	--out /home/yanyq/share_genetics/result/MAGMA_VPS9D1-AS1/asso/PLACO_BAC-PRAD_10_1.5

Start time is 18:22:51, Friday 22 Nov 2024

Loading PLINK-format data...
Reading file /home/yanyq/share_genetics/data/MAGMA/g1000_eur/g1000_eur.fam... 503 individuals read
Reading file /home/yanyq/share_genetics/data/MAGMA/g1000_eur/g1000_eur.bim... 22665064 SNPs read
Preparing file /home/yanyq/share_genetics/data/MAGMA/g1000_eur/g1000_eur.bed... 

Reading SNP synonyms from file /home/yanyq/share_genetics/data/MAGMA/g1000_eur/g1000_eur.synonyms (auto-detected)
	read 6012528 mapped synonyms from file, mapping to 3918595 SNPs in the data
Reading SNP p-values from file /home/yanyq/share_genetics/result/PLACO/tmp_PLACO_BAC-PRAD... 
	detected 2 variables in file
	using variable: variable 1 (SNP id)
	using variable: variable 2 (p-value)
	read 7944734 lines from file, containing valid SNP p-values for 7757490 SNPs in data (97.64% of lines, 34.23% of SNPs in data)
Loading gene annotation from file /home/yanyq/share_genetics/result/MAGMA/anno/VPS9D1-AS1_g1000_eur_10_1.5.genes.annot... 
	1 gene definitions read from file
	found 1 genes containing valid SNPs in genotype data


Starting gene analysis... 
	using model: SNPwise-mean
                                                                                                                   	writing gene analysis results to file /home/yanyq/share_genetics/result/MAGMA_VPS9D1-AS1/asso/PLACO_BAC-PRAD_10_1.5.genes.out
	writing intermediate output to file /home/yanyq/share_genetics/result/MAGMA_VPS9D1-AS1/asso/PLACO_BAC-PRAD_10_1.5.genes.raw


End time is 18:23:26, Friday 22 Nov 2024 (elapsed: 00:00:35)
Welcome to MAGMA v1.10 (linux)
Using flags:
	--bfile /home/yanyq/share_genetics/data/MAGMA/g1000_eur/g1000_eur
	--pval /home/yanyq/share_genetics/result/PLACO/tmp_PLACO_BAC-SCC N=632141
	--gene-annot /home/yanyq/share_genetics/result/MAGMA/anno/VPS9D1-AS1_g1000_eur_10_1.5.genes.annot
	--out /home/yanyq/share_genetics/result/MAGMA_VPS9D1-AS1/asso/PLACO_BAC-SCC_10_1.5

Start time is 18:23:30, Friday 22 Nov 2024

Loading PLINK-format data...
Reading file /home/yanyq/share_genetics/data/MAGMA/g1000_eur/g1000_eur.fam... 503 individuals read
Reading file /home/yanyq/share_genetics/data/MAGMA/g1000_eur/g1000_eur.bim... 22665064 SNPs read
Preparing file /home/yanyq/share_genetics/data/MAGMA/g1000_eur/g1000_eur.bed... 

Reading SNP synonyms from file /home/yanyq/share_genetics/data/MAGMA/g1000_eur/g1000_eur.synonyms (auto-detected)
	read 6012528 mapped synonyms from file, mapping to 3918595 SNPs in the data
Reading SNP p-values from file /home/yanyq/share_genetics/result/PLACO/tmp_PLACO_BAC-SCC... 
	detected 2 variables in file
	using variable: variable 1 (SNP id)
	using variable: variable 2 (p-value)
	read 8341747 lines from file, containing valid SNP p-values for 8094924 SNPs in data (97.04% of lines, 35.72% of SNPs in data)
Loading gene annotation from file /home/yanyq/share_genetics/result/MAGMA/anno/VPS9D1-AS1_g1000_eur_10_1.5.genes.annot... 
	1 gene definitions read from file
	found 1 genes containing valid SNPs in genotype data


Starting gene analysis... 
	using model: SNPwise-mean
                                                                                                                   	writing gene analysis results to file /home/yanyq/share_genetics/result/MAGMA_VPS9D1-AS1/asso/PLACO_BAC-SCC_10_1.5.genes.out
	writing intermediate output to file /home/yanyq/share_genetics/result/MAGMA_VPS9D1-AS1/asso/PLACO_BAC-SCC_10_1.5.genes.raw


End time is 18:24:09, Friday 22 Nov 2024 (elapsed: 00:00:39)
Welcome to MAGMA v1.10 (linux)
Using flags:
	--bfile /home/yanyq/share_genetics/data/MAGMA/g1000_eur/g1000_eur
	--pval /home/yanyq/share_genetics/result/PLACO/tmp_PLACO_BAC-SI N=629135
	--gene-annot /home/yanyq/share_genetics/result/MAGMA/anno/VPS9D1-AS1_g1000_eur_10_1.5.genes.annot
	--out /home/yanyq/share_genetics/result/MAGMA_VPS9D1-AS1/asso/PLACO_BAC-SI_10_1.5

Start time is 18:24:14, Friday 22 Nov 2024

Loading PLINK-format data...
Reading file /home/yanyq/share_genetics/data/MAGMA/g1000_eur/g1000_eur.fam... 503 individuals read
Reading file /home/yanyq/share_genetics/data/MAGMA/g1000_eur/g1000_eur.bim... 22665064 SNPs read
Preparing file /home/yanyq/share_genetics/data/MAGMA/g1000_eur/g1000_eur.bed... 

Reading SNP synonyms from file /home/yanyq/share_genetics/data/MAGMA/g1000_eur/g1000_eur.synonyms (auto-detected)
	read 6012528 mapped synonyms from file, mapping to 3918595 SNPs in the data
Reading SNP p-values from file /home/yanyq/share_genetics/result/PLACO/tmp_PLACO_BAC-SI... 
	detected 2 variables in file
	using variable: variable 1 (SNP id)
	using variable: variable 2 (p-value)
	read 8342301 lines from file, containing valid SNP p-values for 8095401 SNPs in data (97.04% of lines, 35.72% of SNPs in data)
Loading gene annotation from file /home/yanyq/share_genetics/result/MAGMA/anno/VPS9D1-AS1_g1000_eur_10_1.5.genes.annot... 
	1 gene definitions read from file
	found 1 genes containing valid SNPs in genotype data


Starting gene analysis... 
	using model: SNPwise-mean
                                                                                                                   	writing gene analysis results to file /home/yanyq/share_genetics/result/MAGMA_VPS9D1-AS1/asso/PLACO_BAC-SI_10_1.5.genes.out
	writing intermediate output to file /home/yanyq/share_genetics/result/MAGMA_VPS9D1-AS1/asso/PLACO_BAC-SI_10_1.5.genes.raw


End time is 18:24:53, Friday 22 Nov 2024 (elapsed: 00:00:39)
Welcome to MAGMA v1.10 (linux)
Using flags:
	--bfile /home/yanyq/share_genetics/data/MAGMA/g1000_eur/g1000_eur
	--pval /home/yanyq/share_genetics/result/PLACO/tmp_PLACO_BAC-SKCM N=631804
	--gene-annot /home/yanyq/share_genetics/result/MAGMA/anno/VPS9D1-AS1_g1000_eur_10_1.5.genes.annot
	--out /home/yanyq/share_genetics/result/MAGMA_VPS9D1-AS1/asso/PLACO_BAC-SKCM_10_1.5

Start time is 18:24:56, Friday 22 Nov 2024

Loading PLINK-format data...
Reading file /home/yanyq/share_genetics/data/MAGMA/g1000_eur/g1000_eur.fam... 503 individuals read
Reading file /home/yanyq/share_genetics/data/MAGMA/g1000_eur/g1000_eur.bim... 22665064 SNPs read
Preparing file /home/yanyq/share_genetics/data/MAGMA/g1000_eur/g1000_eur.bed... 

Reading SNP synonyms from file /home/yanyq/share_genetics/data/MAGMA/g1000_eur/g1000_eur.synonyms (auto-detected)
	read 6012528 mapped synonyms from file, mapping to 3918595 SNPs in the data
Reading SNP p-values from file /home/yanyq/share_genetics/result/PLACO/tmp_PLACO_BAC-SKCM... 
	detected 2 variables in file
	using variable: variable 1 (SNP id)
	using variable: variable 2 (p-value)
	read 8341505 lines from file, containing valid SNP p-values for 8094690 SNPs in data (97.04% of lines, 35.71% of SNPs in data)
Loading gene annotation from file /home/yanyq/share_genetics/result/MAGMA/anno/VPS9D1-AS1_g1000_eur_10_1.5.genes.annot... 
	1 gene definitions read from file
	found 1 genes containing valid SNPs in genotype data


Starting gene analysis... 
	using model: SNPwise-mean
                                                                                                                   	writing gene analysis results to file /home/yanyq/share_genetics/result/MAGMA_VPS9D1-AS1/asso/PLACO_BAC-SKCM_10_1.5.genes.out
	writing intermediate output to file /home/yanyq/share_genetics/result/MAGMA_VPS9D1-AS1/asso/PLACO_BAC-SKCM_10_1.5.genes.raw


End time is 18:25:34, Friday 22 Nov 2024 (elapsed: 00:00:38)
Welcome to MAGMA v1.10 (linux)
Using flags:
	--bfile /home/yanyq/share_genetics/data/MAGMA/g1000_eur/g1000_eur
	--pval /home/yanyq/share_genetics/result/PLACO/tmp_PLACO_BAC-STAD N=630033
	--gene-annot /home/yanyq/share_genetics/result/MAGMA/anno/VPS9D1-AS1_g1000_eur_10_1.5.genes.annot
	--out /home/yanyq/share_genetics/result/MAGMA_VPS9D1-AS1/asso/PLACO_BAC-STAD_10_1.5

Start time is 18:25:37, Friday 22 Nov 2024

Loading PLINK-format data...
Reading file /home/yanyq/share_genetics/data/MAGMA/g1000_eur/g1000_eur.fam... 503 individuals read
Reading file /home/yanyq/share_genetics/data/MAGMA/g1000_eur/g1000_eur.bim... 22665064 SNPs read
Preparing file /home/yanyq/share_genetics/data/MAGMA/g1000_eur/g1000_eur.bed... 

Reading SNP synonyms from file /home/yanyq/share_genetics/data/MAGMA/g1000_eur/g1000_eur.synonyms (auto-detected)
	read 6012528 mapped synonyms from file, mapping to 3918595 SNPs in the data
Reading SNP p-values from file /home/yanyq/share_genetics/result/PLACO/tmp_PLACO_BAC-STAD... 
	detected 2 variables in file
	using variable: variable 1 (SNP id)
	using variable: variable 2 (p-value)
	read 8342147 lines from file, containing valid SNP p-values for 8095276 SNPs in data (97.04% of lines, 35.72% of SNPs in data)
Loading gene annotation from file /home/yanyq/share_genetics/result/MAGMA/anno/VPS9D1-AS1_g1000_eur_10_1.5.genes.annot... 
	1 gene definitions read from file
	found 1 genes containing valid SNPs in genotype data


Starting gene analysis... 
	using model: SNPwise-mean
                                                                                                                   	writing gene analysis results to file /home/yanyq/share_genetics/result/MAGMA_VPS9D1-AS1/asso/PLACO_BAC-STAD_10_1.5.genes.out
	writing intermediate output to file /home/yanyq/share_genetics/result/MAGMA_VPS9D1-AS1/asso/PLACO_BAC-STAD_10_1.5.genes.raw


End time is 18:26:12, Friday 22 Nov 2024 (elapsed: 00:00:35)
Welcome to MAGMA v1.10 (linux)
Using flags:
	--bfile /home/yanyq/share_genetics/data/MAGMA/g1000_eur/g1000_eur
	--pval /home/yanyq/share_genetics/result/PLACO/tmp_PLACO_BAC-TEST N=446109
	--gene-annot /home/yanyq/share_genetics/result/MAGMA/anno/VPS9D1-AS1_g1000_eur_10_1.5.genes.annot
	--out /home/yanyq/share_genetics/result/MAGMA_VPS9D1-AS1/asso/PLACO_BAC-TEST_10_1.5

Start time is 18:26:16, Friday 22 Nov 2024

Loading PLINK-format data...
Reading file /home/yanyq/share_genetics/data/MAGMA/g1000_eur/g1000_eur.fam... 503 individuals read
Reading file /home/yanyq/share_genetics/data/MAGMA/g1000_eur/g1000_eur.bim... 22665064 SNPs read
Preparing file /home/yanyq/share_genetics/data/MAGMA/g1000_eur/g1000_eur.bed... 

Reading SNP synonyms from file /home/yanyq/share_genetics/data/MAGMA/g1000_eur/g1000_eur.synonyms (auto-detected)
	read 6012528 mapped synonyms from file, mapping to 3918595 SNPs in the data
Reading SNP p-values from file /home/yanyq/share_genetics/result/PLACO/tmp_PLACO_BAC-TEST... 
	detected 2 variables in file
	using variable: variable 1 (SNP id)
	using variable: variable 2 (p-value)
	read 8332595 lines from file, containing valid SNP p-values for 8086856 SNPs in data (97.05% of lines, 35.68% of SNPs in data)
Loading gene annotation from file /home/yanyq/share_genetics/result/MAGMA/anno/VPS9D1-AS1_g1000_eur_10_1.5.genes.annot... 
	1 gene definitions read from file
	found 1 genes containing valid SNPs in genotype data


Starting gene analysis... 
	using model: SNPwise-mean
                                                                                                                   	writing gene analysis results to file /home/yanyq/share_genetics/result/MAGMA_VPS9D1-AS1/asso/PLACO_BAC-TEST_10_1.5.genes.out
	writing intermediate output to file /home/yanyq/share_genetics/result/MAGMA_VPS9D1-AS1/asso/PLACO_BAC-TEST_10_1.5.genes.raw


End time is 18:26:51, Friday 22 Nov 2024 (elapsed: 00:00:35)
Welcome to MAGMA v1.10 (linux)
Using flags:
	--bfile /home/yanyq/share_genetics/data/MAGMA/g1000_eur/g1000_eur
	--pval /home/yanyq/share_genetics/result/PLACO/tmp_PLACO_BAC-THCA N=630517
	--gene-annot /home/yanyq/share_genetics/result/MAGMA/anno/VPS9D1-AS1_g1000_eur_10_1.5.genes.annot
	--out /home/yanyq/share_genetics/result/MAGMA_VPS9D1-AS1/asso/PLACO_BAC-THCA_10_1.5

Start time is 18:26:57, Friday 22 Nov 2024

Loading PLINK-format data...
Reading file /home/yanyq/share_genetics/data/MAGMA/g1000_eur/g1000_eur.fam... 503 individuals read
Reading file /home/yanyq/share_genetics/data/MAGMA/g1000_eur/g1000_eur.bim... 22665064 SNPs read
Preparing file /home/yanyq/share_genetics/data/MAGMA/g1000_eur/g1000_eur.bed... 

Reading SNP synonyms from file /home/yanyq/share_genetics/data/MAGMA/g1000_eur/g1000_eur.synonyms (auto-detected)
	read 6012528 mapped synonyms from file, mapping to 3918595 SNPs in the data
Reading SNP p-values from file /home/yanyq/share_genetics/result/PLACO/tmp_PLACO_BAC-THCA... 
	detected 2 variables in file
	using variable: variable 1 (SNP id)
	using variable: variable 2 (p-value)
	read 8341857 lines from file, containing valid SNP p-values for 8094984 SNPs in data (97.04% of lines, 35.72% of SNPs in data)
Loading gene annotation from file /home/yanyq/share_genetics/result/MAGMA/anno/VPS9D1-AS1_g1000_eur_10_1.5.genes.annot... 
	1 gene definitions read from file
	found 1 genes containing valid SNPs in genotype data


Starting gene analysis... 
	using model: SNPwise-mean
                                                                                                                   	writing gene analysis results to file /home/yanyq/share_genetics/result/MAGMA_VPS9D1-AS1/asso/PLACO_BAC-THCA_10_1.5.genes.out
	writing intermediate output to file /home/yanyq/share_genetics/result/MAGMA_VPS9D1-AS1/asso/PLACO_BAC-THCA_10_1.5.genes.raw


End time is 18:27:33, Friday 22 Nov 2024 (elapsed: 00:00:36)
Welcome to MAGMA v1.10 (linux)
Using flags:
	--bfile /home/yanyq/share_genetics/data/MAGMA/g1000_eur/g1000_eur
	--pval /home/yanyq/share_genetics/result/PLACO/tmp_PLACO_BAC-UCEC N=436302
	--gene-annot /home/yanyq/share_genetics/result/MAGMA/anno/VPS9D1-AS1_g1000_eur_10_1.5.genes.annot
	--out /home/yanyq/share_genetics/result/MAGMA_VPS9D1-AS1/asso/PLACO_BAC-UCEC_10_1.5

Start time is 18:27:37, Friday 22 Nov 2024

Loading PLINK-format data...
Reading file /home/yanyq/share_genetics/data/MAGMA/g1000_eur/g1000_eur.fam... 503 individuals read
Reading file /home/yanyq/share_genetics/data/MAGMA/g1000_eur/g1000_eur.bim... 22665064 SNPs read
Preparing file /home/yanyq/share_genetics/data/MAGMA/g1000_eur/g1000_eur.bed... 

Reading SNP synonyms from file /home/yanyq/share_genetics/data/MAGMA/g1000_eur/g1000_eur.synonyms (auto-detected)
	read 6012528 mapped synonyms from file, mapping to 3918595 SNPs in the data
Reading SNP p-values from file /home/yanyq/share_genetics/result/PLACO/tmp_PLACO_BAC-UCEC... 
	detected 2 variables in file
	using variable: variable 1 (SNP id)
	using variable: variable 2 (p-value)
	read 7385602 lines from file, containing valid SNP p-values for 7327333 SNPs in data (99.21% of lines, 32.33% of SNPs in data)
Loading gene annotation from file /home/yanyq/share_genetics/result/MAGMA/anno/VPS9D1-AS1_g1000_eur_10_1.5.genes.annot... 
	1 gene definitions read from file
	found 1 genes containing valid SNPs in genotype data


Starting gene analysis... 
	using model: SNPwise-mean
                                                                                                                   	writing gene analysis results to file /home/yanyq/share_genetics/result/MAGMA_VPS9D1-AS1/asso/PLACO_BAC-UCEC_10_1.5.genes.out
	writing intermediate output to file /home/yanyq/share_genetics/result/MAGMA_VPS9D1-AS1/asso/PLACO_BAC-UCEC_10_1.5.genes.raw


End time is 18:28:12, Friday 22 Nov 2024 (elapsed: 00:00:35)
Welcome to MAGMA v1.10 (linux)
Using flags:
	--bfile /home/yanyq/share_genetics/data/MAGMA/g1000_eur/g1000_eur
	--pval /home/yanyq/share_genetics/result/PLACO/tmp_PLACO_BAC-VULVA N=497546
	--gene-annot /home/yanyq/share_genetics/result/MAGMA/anno/VPS9D1-AS1_g1000_eur_10_1.5.genes.annot
	--out /home/yanyq/share_genetics/result/MAGMA_VPS9D1-AS1/asso/PLACO_BAC-VULVA_10_1.5

Start time is 18:28:15, Friday 22 Nov 2024

Loading PLINK-format data...
Reading file /home/yanyq/share_genetics/data/MAGMA/g1000_eur/g1000_eur.fam... 503 individuals read
Reading file /home/yanyq/share_genetics/data/MAGMA/g1000_eur/g1000_eur.bim... 22665064 SNPs read
Preparing file /home/yanyq/share_genetics/data/MAGMA/g1000_eur/g1000_eur.bed... 

Reading SNP synonyms from file /home/yanyq/share_genetics/data/MAGMA/g1000_eur/g1000_eur.synonyms (auto-detected)
	read 6012528 mapped synonyms from file, mapping to 3918595 SNPs in the data
Reading SNP p-values from file /home/yanyq/share_genetics/result/PLACO/tmp_PLACO_BAC-VULVA... 
	detected 2 variables in file
	using variable: variable 1 (SNP id)
	using variable: variable 2 (p-value)
	read 8335056 lines from file, containing valid SNP p-values for 8088760 SNPs in data (97.05% of lines, 35.69% of SNPs in data)
Loading gene annotation from file /home/yanyq/share_genetics/result/MAGMA/anno/VPS9D1-AS1_g1000_eur_10_1.5.genes.annot... 
	1 gene definitions read from file
	found 1 genes containing valid SNPs in genotype data


Starting gene analysis... 
	using model: SNPwise-mean
                                                                                                                   	writing gene analysis results to file /home/yanyq/share_genetics/result/MAGMA_VPS9D1-AS1/asso/PLACO_BAC-VULVA_10_1.5.genes.out
	writing intermediate output to file /home/yanyq/share_genetics/result/MAGMA_VPS9D1-AS1/asso/PLACO_BAC-VULVA_10_1.5.genes.raw


End time is 18:28:52, Friday 22 Nov 2024 (elapsed: 00:00:37)
Welcome to MAGMA v1.10 (linux)
Using flags:
	--bfile /home/yanyq/share_genetics/data/MAGMA/g1000_eur/g1000_eur
	--pval /home/yanyq/share_genetics/result/PLACO/tmp_PLACO_BCC-BGA N=649233
	--gene-annot /home/yanyq/share_genetics/result/MAGMA/anno/VPS9D1-AS1_g1000_eur_10_1.5.genes.annot
	--out /home/yanyq/share_genetics/result/MAGMA_VPS9D1-AS1/asso/PLACO_BCC-BGA_10_1.5

Start time is 18:28:56, Friday 22 Nov 2024

Loading PLINK-format data...
Reading file /home/yanyq/share_genetics/data/MAGMA/g1000_eur/g1000_eur.fam... 503 individuals read
Reading file /home/yanyq/share_genetics/data/MAGMA/g1000_eur/g1000_eur.bim... 22665064 SNPs read
Preparing file /home/yanyq/share_genetics/data/MAGMA/g1000_eur/g1000_eur.bed... 

Reading SNP synonyms from file /home/yanyq/share_genetics/data/MAGMA/g1000_eur/g1000_eur.synonyms (auto-detected)
	read 6012528 mapped synonyms from file, mapping to 3918595 SNPs in the data
Reading SNP p-values from file /home/yanyq/share_genetics/result/PLACO/tmp_PLACO_BCC-BGA... 
	detected 2 variables in file
	using variable: variable 1 (SNP id)
	using variable: variable 2 (p-value)
	read 8338474 lines from file, containing valid SNP p-values for 8091889 SNPs in data (97.04% of lines, 35.7% of SNPs in data)
Loading gene annotation from file /home/yanyq/share_genetics/result/MAGMA/anno/VPS9D1-AS1_g1000_eur_10_1.5.genes.annot... 
	1 gene definitions read from file
	found 1 genes containing valid SNPs in genotype data


Starting gene analysis... 
	using model: SNPwise-mean
                                                                                                                   	writing gene analysis results to file /home/yanyq/share_genetics/result/MAGMA_VPS9D1-AS1/asso/PLACO_BCC-BGA_10_1.5.genes.out
	writing intermediate output to file /home/yanyq/share_genetics/result/MAGMA_VPS9D1-AS1/asso/PLACO_BCC-BGA_10_1.5.genes.raw


End time is 18:29:32, Friday 22 Nov 2024 (elapsed: 00:00:36)
Welcome to MAGMA v1.10 (linux)
Using flags:
	--bfile /home/yanyq/share_genetics/data/MAGMA/g1000_eur/g1000_eur
	--pval /home/yanyq/share_genetics/result/PLACO/tmp_PLACO_BCC-BGC N=650099
	--gene-annot /home/yanyq/share_genetics/result/MAGMA/anno/VPS9D1-AS1_g1000_eur_10_1.5.genes.annot
	--out /home/yanyq/share_genetics/result/MAGMA_VPS9D1-AS1/asso/PLACO_BCC-BGC_10_1.5

Start time is 18:29:37, Friday 22 Nov 2024

Loading PLINK-format data...
Reading file /home/yanyq/share_genetics/data/MAGMA/g1000_eur/g1000_eur.fam... 503 individuals read
Reading file /home/yanyq/share_genetics/data/MAGMA/g1000_eur/g1000_eur.bim... 22665064 SNPs read
Preparing file /home/yanyq/share_genetics/data/MAGMA/g1000_eur/g1000_eur.bed... 

Reading SNP synonyms from file /home/yanyq/share_genetics/data/MAGMA/g1000_eur/g1000_eur.synonyms (auto-detected)
	read 6012528 mapped synonyms from file, mapping to 3918595 SNPs in the data
Reading SNP p-values from file /home/yanyq/share_genetics/result/PLACO/tmp_PLACO_BCC-BGC... 
	detected 2 variables in file
	using variable: variable 1 (SNP id)
	using variable: variable 2 (p-value)
	read 8338431 lines from file, containing valid SNP p-values for 8091845 SNPs in data (97.04% of lines, 35.7% of SNPs in data)
Loading gene annotation from file /home/yanyq/share_genetics/result/MAGMA/anno/VPS9D1-AS1_g1000_eur_10_1.5.genes.annot... 
	1 gene definitions read from file
	found 1 genes containing valid SNPs in genotype data


Starting gene analysis... 
	using model: SNPwise-mean
                                                                                                                   	writing gene analysis results to file /home/yanyq/share_genetics/result/MAGMA_VPS9D1-AS1/asso/PLACO_BCC-BGC_10_1.5.genes.out
	writing intermediate output to file /home/yanyq/share_genetics/result/MAGMA_VPS9D1-AS1/asso/PLACO_BCC-BGC_10_1.5.genes.raw


End time is 18:30:14, Friday 22 Nov 2024 (elapsed: 00:00:37)
Welcome to MAGMA v1.10 (linux)
Using flags:
	--bfile /home/yanyq/share_genetics/data/MAGMA/g1000_eur/g1000_eur
	--pval /home/yanyq/share_genetics/result/PLACO/tmp_PLACO_BCC-BLCA N=651085
	--gene-annot /home/yanyq/share_genetics/result/MAGMA/anno/VPS9D1-AS1_g1000_eur_10_1.5.genes.annot
	--out /home/yanyq/share_genetics/result/MAGMA_VPS9D1-AS1/asso/PLACO_BCC-BLCA_10_1.5

Start time is 18:30:19, Friday 22 Nov 2024

Loading PLINK-format data...
Reading file /home/yanyq/share_genetics/data/MAGMA/g1000_eur/g1000_eur.fam... 503 individuals read
Reading file /home/yanyq/share_genetics/data/MAGMA/g1000_eur/g1000_eur.bim... 22665064 SNPs read
Preparing file /home/yanyq/share_genetics/data/MAGMA/g1000_eur/g1000_eur.bed... 

Reading SNP synonyms from file /home/yanyq/share_genetics/data/MAGMA/g1000_eur/g1000_eur.synonyms (auto-detected)
	read 6012528 mapped synonyms from file, mapping to 3918595 SNPs in the data
Reading SNP p-values from file /home/yanyq/share_genetics/result/PLACO/tmp_PLACO_BCC-BLCA... 
	detected 2 variables in file
	using variable: variable 1 (SNP id)
	using variable: variable 2 (p-value)
	read 8338555 lines from file, containing valid SNP p-values for 8091976 SNPs in data (97.04% of lines, 35.7% of SNPs in data)
Loading gene annotation from file /home/yanyq/share_genetics/result/MAGMA/anno/VPS9D1-AS1_g1000_eur_10_1.5.genes.annot... 
	1 gene definitions read from file
	found 1 genes containing valid SNPs in genotype data


Starting gene analysis... 
	using model: SNPwise-mean
                                                                                                                   	writing gene analysis results to file /home/yanyq/share_genetics/result/MAGMA_VPS9D1-AS1/asso/PLACO_BCC-BLCA_10_1.5.genes.out
	writing intermediate output to file /home/yanyq/share_genetics/result/MAGMA_VPS9D1-AS1/asso/PLACO_BCC-BLCA_10_1.5.genes.raw


End time is 18:30:54, Friday 22 Nov 2024 (elapsed: 00:00:35)
Welcome to MAGMA v1.10 (linux)
Using flags:
	--bfile /home/yanyq/share_genetics/data/MAGMA/g1000_eur/g1000_eur
	--pval /home/yanyq/share_genetics/result/PLACO/tmp_PLACO_BCC-BM N=649407
	--gene-annot /home/yanyq/share_genetics/result/MAGMA/anno/VPS9D1-AS1_g1000_eur_10_1.5.genes.annot
	--out /home/yanyq/share_genetics/result/MAGMA_VPS9D1-AS1/asso/PLACO_BCC-BM_10_1.5

Start time is 18:30:58, Friday 22 Nov 2024

Loading PLINK-format data...
Reading file /home/yanyq/share_genetics/data/MAGMA/g1000_eur/g1000_eur.fam... 503 individuals read
Reading file /home/yanyq/share_genetics/data/MAGMA/g1000_eur/g1000_eur.bim... 22665064 SNPs read
Preparing file /home/yanyq/share_genetics/data/MAGMA/g1000_eur/g1000_eur.bed... 

Reading SNP synonyms from file /home/yanyq/share_genetics/data/MAGMA/g1000_eur/g1000_eur.synonyms (auto-detected)
	read 6012528 mapped synonyms from file, mapping to 3918595 SNPs in the data
Reading SNP p-values from file /home/yanyq/share_genetics/result/PLACO/tmp_PLACO_BCC-BM... 
	detected 2 variables in file
	using variable: variable 1 (SNP id)
	using variable: variable 2 (p-value)
	read 8338515 lines from file, containing valid SNP p-values for 8091933 SNPs in data (97.04% of lines, 35.7% of SNPs in data)
Loading gene annotation from file /home/yanyq/share_genetics/result/MAGMA/anno/VPS9D1-AS1_g1000_eur_10_1.5.genes.annot... 
	1 gene definitions read from file
	found 1 genes containing valid SNPs in genotype data


Starting gene analysis... 
	using model: SNPwise-mean
                                                                                                                   	writing gene analysis results to file /home/yanyq/share_genetics/result/MAGMA_VPS9D1-AS1/asso/PLACO_BCC-BM_10_1.5.genes.out
	writing intermediate output to file /home/yanyq/share_genetics/result/MAGMA_VPS9D1-AS1/asso/PLACO_BCC-BM_10_1.5.genes.raw


End time is 18:31:36, Friday 22 Nov 2024 (elapsed: 00:00:38)
Welcome to MAGMA v1.10 (linux)
Using flags:
	--bfile /home/yanyq/share_genetics/data/MAGMA/g1000_eur/g1000_eur
	--pval /home/yanyq/share_genetics/result/PLACO/tmp_PLACO_BCC-BRCA N=532454
	--gene-annot /home/yanyq/share_genetics/result/MAGMA/anno/VPS9D1-AS1_g1000_eur_10_1.5.genes.annot
	--out /home/yanyq/share_genetics/result/MAGMA_VPS9D1-AS1/asso/PLACO_BCC-BRCA_10_1.5

Start time is 18:31:42, Friday 22 Nov 2024

Loading PLINK-format data...
Reading file /home/yanyq/share_genetics/data/MAGMA/g1000_eur/g1000_eur.fam... 503 individuals read
Reading file /home/yanyq/share_genetics/data/MAGMA/g1000_eur/g1000_eur.bim... 22665064 SNPs read
Preparing file /home/yanyq/share_genetics/data/MAGMA/g1000_eur/g1000_eur.bed... 

Reading SNP synonyms from file /home/yanyq/share_genetics/data/MAGMA/g1000_eur/g1000_eur.synonyms (auto-detected)
	read 6012528 mapped synonyms from file, mapping to 3918595 SNPs in the data
Reading SNP p-values from file /home/yanyq/share_genetics/result/PLACO/tmp_PLACO_BCC-BRCA... 
	detected 2 variables in file
	using variable: variable 1 (SNP id)
	using variable: variable 2 (p-value)
	read 7657130 lines from file, containing valid SNP p-values for 7585454 SNPs in data (99.06% of lines, 33.47% of SNPs in data)
Loading gene annotation from file /home/yanyq/share_genetics/result/MAGMA/anno/VPS9D1-AS1_g1000_eur_10_1.5.genes.annot... 
	1 gene definitions read from file
	found 1 genes containing valid SNPs in genotype data


Starting gene analysis... 
	using model: SNPwise-mean
                                                                                                                   	writing gene analysis results to file /home/yanyq/share_genetics/result/MAGMA_VPS9D1-AS1/asso/PLACO_BCC-BRCA_10_1.5.genes.out
	writing intermediate output to file /home/yanyq/share_genetics/result/MAGMA_VPS9D1-AS1/asso/PLACO_BCC-BRCA_10_1.5.genes.raw


End time is 18:32:21, Friday 22 Nov 2024 (elapsed: 00:00:39)
Welcome to MAGMA v1.10 (linux)
Using flags:
	--bfile /home/yanyq/share_genetics/data/MAGMA/g1000_eur/g1000_eur
	--pval /home/yanyq/share_genetics/result/PLACO/tmp_PLACO_BCC-CESC N=751612
	--gene-annot /home/yanyq/share_genetics/result/MAGMA/anno/VPS9D1-AS1_g1000_eur_10_1.5.genes.annot
	--out /home/yanyq/share_genetics/result/MAGMA_VPS9D1-AS1/asso/PLACO_BCC-CESC_10_1.5

Start time is 18:32:26, Friday 22 Nov 2024

Loading PLINK-format data...
Reading file /home/yanyq/share_genetics/data/MAGMA/g1000_eur/g1000_eur.fam... 503 individuals read
Reading file /home/yanyq/share_genetics/data/MAGMA/g1000_eur/g1000_eur.bim... 22665064 SNPs read
Preparing file /home/yanyq/share_genetics/data/MAGMA/g1000_eur/g1000_eur.bed... 

Reading SNP synonyms from file /home/yanyq/share_genetics/data/MAGMA/g1000_eur/g1000_eur.synonyms (auto-detected)
	read 6012528 mapped synonyms from file, mapping to 3918595 SNPs in the data
Reading SNP p-values from file /home/yanyq/share_genetics/result/PLACO/tmp_PLACO_BCC-CESC... 
	detected 2 variables in file
	using variable: variable 1 (SNP id)
	using variable: variable 2 (p-value)
	read 7173394 lines from file, containing valid SNP p-values for 7173394 SNPs in data (100% of lines, 31.65% of SNPs in data)
Loading gene annotation from file /home/yanyq/share_genetics/result/MAGMA/anno/VPS9D1-AS1_g1000_eur_10_1.5.genes.annot... 
	1 gene definitions read from file
	found 1 genes containing valid SNPs in genotype data


Starting gene analysis... 
	using model: SNPwise-mean
                                                                                                                   	writing gene analysis results to file /home/yanyq/share_genetics/result/MAGMA_VPS9D1-AS1/asso/PLACO_BCC-CESC_10_1.5.genes.out
	writing intermediate output to file /home/yanyq/share_genetics/result/MAGMA_VPS9D1-AS1/asso/PLACO_BCC-CESC_10_1.5.genes.raw


End time is 18:33:03, Friday 22 Nov 2024 (elapsed: 00:00:37)
Welcome to MAGMA v1.10 (linux)
Using flags:
	--bfile /home/yanyq/share_genetics/data/MAGMA/g1000_eur/g1000_eur
	--pval /home/yanyq/share_genetics/result/PLACO/tmp_PLACO_BCC-CML N=649006
	--gene-annot /home/yanyq/share_genetics/result/MAGMA/anno/VPS9D1-AS1_g1000_eur_10_1.5.genes.annot
	--out /home/yanyq/share_genetics/result/MAGMA_VPS9D1-AS1/asso/PLACO_BCC-CML_10_1.5

Start time is 18:33:06, Friday 22 Nov 2024

Loading PLINK-format data...
Reading file /home/yanyq/share_genetics/data/MAGMA/g1000_eur/g1000_eur.fam... 503 individuals read
Reading file /home/yanyq/share_genetics/data/MAGMA/g1000_eur/g1000_eur.bim... 22665064 SNPs read
Preparing file /home/yanyq/share_genetics/data/MAGMA/g1000_eur/g1000_eur.bed... 

Reading SNP synonyms from file /home/yanyq/share_genetics/data/MAGMA/g1000_eur/g1000_eur.synonyms (auto-detected)
	read 6012528 mapped synonyms from file, mapping to 3918595 SNPs in the data
Reading SNP p-values from file /home/yanyq/share_genetics/result/PLACO/tmp_PLACO_BCC-CML... 
	detected 2 variables in file
	using variable: variable 1 (SNP id)
	using variable: variable 2 (p-value)
	read 8338499 lines from file, containing valid SNP p-values for 8091916 SNPs in data (97.04% of lines, 35.7% of SNPs in data)
Loading gene annotation from file /home/yanyq/share_genetics/result/MAGMA/anno/VPS9D1-AS1_g1000_eur_10_1.5.genes.annot... 
	1 gene definitions read from file
	found 1 genes containing valid SNPs in genotype data


Starting gene analysis... 
	using model: SNPwise-mean
                                                                                                                   	writing gene analysis results to file /home/yanyq/share_genetics/result/MAGMA_VPS9D1-AS1/asso/PLACO_BCC-CML_10_1.5.genes.out
	writing intermediate output to file /home/yanyq/share_genetics/result/MAGMA_VPS9D1-AS1/asso/PLACO_BCC-CML_10_1.5.genes.raw


End time is 18:33:44, Friday 22 Nov 2024 (elapsed: 00:00:38)
